{"/Users/thiagobutignon/dev/nooa-core-engine/src/data/usecases/analyze-codebase.usecase.ts": {"path":"/Users/thiagobutignon/dev/nooa-core-engine/src/data/usecases/analyze-codebase.usecase.ts","all":false,"statementMap":{"0":{"start":{"line":1,"column":0},"end":{"line":1,"column":3}},"1":{"start":{"line":2,"column":0},"end":{"line":2,"column":44}},"2":{"start":{"line":3,"column":0},"end":{"line":3,"column":2}},"3":{"start":{"line":4,"column":0},"end":{"line":4,"column":73}},"4":{"start":{"line":5,"column":0},"end":{"line":5,"column":84}},"5":{"start":{"line":6,"column":0},"end":{"line":6,"column":2}},"6":{"start":{"line":7,"column":0},"end":{"line":7,"column":43}},"7":{"start":{"line":8,"column":0},"end":{"line":8,"column":58}},"8":{"start":{"line":9,"column":0},"end":{"line":9,"column":56}},"9":{"start":{"line":10,"column":0},"end":{"line":10,"column":40}},"10":{"start":{"line":11,"column":0},"end":{"line":11,"column":79}},"11":{"start":{"line":12,"column":0},"end":{"line":12,"column":3}},"12":{"start":{"line":13,"column":0},"end":{"line":13,"column":0}},"13":{"start":{"line":14,"column":0},"end":{"line":14,"column":57}},"14":{"start":{"line":15,"column":0},"end":{"line":15,"column":8}},"15":{"start":{"line":16,"column":0},"end":{"line":16,"column":30}},"16":{"start":{"line":17,"column":0},"end":{"line":17,"column":18}},"17":{"start":{"line":18,"column":0},"end":{"line":18,"column":15}},"18":{"start":{"line":19,"column":0},"end":{"line":19,"column":25}},"19":{"start":{"line":20,"column":0},"end":{"line":20,"column":17}},"20":{"start":{"line":21,"column":0},"end":{"line":21,"column":20}},"21":{"start":{"line":22,"column":0},"end":{"line":22,"column":23}},"22":{"start":{"line":23,"column":0},"end":{"line":23,"column":23}},"23":{"start":{"line":24,"column":0},"end":{"line":24,"column":16}},"24":{"start":{"line":25,"column":0},"end":{"line":25,"column":15}},"25":{"start":{"line":26,"column":0},"end":{"line":26,"column":19}},"26":{"start":{"line":27,"column":0},"end":{"line":27,"column":24}},"27":{"start":{"line":28,"column":0},"end":{"line":28,"column":24}},"28":{"start":{"line":29,"column":0},"end":{"line":29,"column":28}},"29":{"start":{"line":30,"column":0},"end":{"line":30,"column":22}},"30":{"start":{"line":31,"column":0},"end":{"line":31,"column":23}},"31":{"start":{"line":32,"column":0},"end":{"line":32,"column":24}},"32":{"start":{"line":33,"column":0},"end":{"line":33,"column":29}},"33":{"start":{"line":34,"column":0},"end":{"line":34,"column":63}},"34":{"start":{"line":35,"column":0},"end":{"line":35,"column":0}},"35":{"start":{"line":36,"column":0},"end":{"line":36,"column":3}},"36":{"start":{"line":37,"column":0},"end":{"line":37,"column":50}},"37":{"start":{"line":38,"column":0},"end":{"line":38,"column":3}},"38":{"start":{"line":39,"column":0},"end":{"line":39,"column":65}},"39":{"start":{"line":40,"column":0},"end":{"line":40,"column":5}},"40":{"start":{"line":41,"column":0},"end":{"line":41,"column":42}},"41":{"start":{"line":42,"column":0},"end":{"line":42,"column":89}},"42":{"start":{"line":43,"column":0},"end":{"line":43,"column":4}},"43":{"start":{"line":44,"column":0},"end":{"line":44,"column":57}},"44":{"start":{"line":45,"column":0},"end":{"line":45,"column":74}},"45":{"start":{"line":46,"column":0},"end":{"line":46,"column":5}},"46":{"start":{"line":47,"column":0},"end":{"line":47,"column":14}},"47":{"start":{"line":48,"column":0},"end":{"line":48,"column":45}},"48":{"start":{"line":49,"column":0},"end":{"line":49,"column":58}},"49":{"start":{"line":50,"column":0},"end":{"line":50,"column":6}},"50":{"start":{"line":51,"column":0},"end":{"line":51,"column":0}},"51":{"start":{"line":52,"column":0},"end":{"line":52,"column":5}},"52":{"start":{"line":53,"column":0},"end":{"line":53,"column":53}},"53":{"start":{"line":54,"column":0},"end":{"line":54,"column":4}},"54":{"start":{"line":55,"column":0},"end":{"line":55,"column":15}},"55":{"start":{"line":56,"column":0},"end":{"line":56,"column":38}},"56":{"start":{"line":57,"column":0},"end":{"line":57,"column":45}},"57":{"start":{"line":58,"column":0},"end":{"line":58,"column":54}},"58":{"start":{"line":59,"column":0},"end":{"line":59,"column":57}},"59":{"start":{"line":60,"column":0},"end":{"line":60,"column":35}},"60":{"start":{"line":61,"column":0},"end":{"line":61,"column":5}},"61":{"start":{"line":62,"column":0},"end":{"line":62,"column":84}},"62":{"start":{"line":63,"column":0},"end":{"line":63,"column":35}},"63":{"start":{"line":64,"column":0},"end":{"line":64,"column":0}},"64":{"start":{"line":65,"column":0},"end":{"line":65,"column":41}},"65":{"start":{"line":66,"column":0},"end":{"line":66,"column":67}},"66":{"start":{"line":67,"column":0},"end":{"line":67,"column":0}},"67":{"start":{"line":68,"column":0},"end":{"line":68,"column":29}},"68":{"start":{"line":69,"column":0},"end":{"line":69,"column":61}},"69":{"start":{"line":70,"column":0},"end":{"line":70,"column":0}},"70":{"start":{"line":71,"column":0},"end":{"line":71,"column":38}},"71":{"start":{"line":72,"column":0},"end":{"line":72,"column":73}},"72":{"start":{"line":73,"column":0},"end":{"line":73,"column":0}},"73":{"start":{"line":74,"column":0},"end":{"line":74,"column":59}},"74":{"start":{"line":75,"column":0},"end":{"line":75,"column":95}},"75":{"start":{"line":76,"column":0},"end":{"line":76,"column":0}},"76":{"start":{"line":77,"column":0},"end":{"line":77,"column":22}},"77":{"start":{"line":78,"column":0},"end":{"line":78,"column":3}},"78":{"start":{"line":79,"column":0},"end":{"line":79,"column":0}},"79":{"start":{"line":80,"column":0},"end":{"line":80,"column":5}},"80":{"start":{"line":81,"column":0},"end":{"line":81,"column":71}},"81":{"start":{"line":82,"column":0},"end":{"line":82,"column":4}},"82":{"start":{"line":83,"column":0},"end":{"line":83,"column":62}},"83":{"start":{"line":84,"column":0},"end":{"line":84,"column":65}},"84":{"start":{"line":85,"column":0},"end":{"line":85,"column":41}},"85":{"start":{"line":86,"column":0},"end":{"line":86,"column":5}},"86":{"start":{"line":87,"column":0},"end":{"line":87,"column":31}},"87":{"start":{"line":88,"column":0},"end":{"line":88,"column":31}},"88":{"start":{"line":89,"column":0},"end":{"line":89,"column":25}},"89":{"start":{"line":90,"column":0},"end":{"line":90,"column":24}},"90":{"start":{"line":91,"column":0},"end":{"line":91,"column":36}},"91":{"start":{"line":92,"column":0},"end":{"line":92,"column":73}},"92":{"start":{"line":93,"column":0},"end":{"line":93,"column":57}},"93":{"start":{"line":94,"column":0},"end":{"line":94,"column":46}},"94":{"start":{"line":95,"column":0},"end":{"line":95,"column":41}},"95":{"start":{"line":96,"column":0},"end":{"line":96,"column":9}},"96":{"start":{"line":97,"column":0},"end":{"line":97,"column":0}},"97":{"start":{"line":98,"column":0},"end":{"line":98,"column":14}},"98":{"start":{"line":99,"column":0},"end":{"line":99,"column":18}},"99":{"start":{"line":100,"column":0},"end":{"line":100,"column":46}},"100":{"start":{"line":101,"column":0},"end":{"line":101,"column":8}},"101":{"start":{"line":102,"column":0},"end":{"line":102,"column":7}},"102":{"start":{"line":103,"column":0},"end":{"line":103,"column":3}},"103":{"start":{"line":104,"column":0},"end":{"line":104,"column":0}},"104":{"start":{"line":105,"column":0},"end":{"line":105,"column":5}},"105":{"start":{"line":106,"column":0},"end":{"line":106,"column":64}},"106":{"start":{"line":107,"column":0},"end":{"line":107,"column":4}},"107":{"start":{"line":108,"column":0},"end":{"line":108,"column":54}},"108":{"start":{"line":109,"column":0},"end":{"line":109,"column":54}},"109":{"start":{"line":110,"column":0},"end":{"line":110,"column":65}},"110":{"start":{"line":111,"column":0},"end":{"line":111,"column":47}},"111":{"start":{"line":112,"column":0},"end":{"line":112,"column":5}},"112":{"start":{"line":113,"column":0},"end":{"line":113,"column":37}},"113":{"start":{"line":114,"column":0},"end":{"line":114,"column":31}},"114":{"start":{"line":115,"column":0},"end":{"line":115,"column":26}},"115":{"start":{"line":116,"column":0},"end":{"line":116,"column":23}},"116":{"start":{"line":117,"column":0},"end":{"line":117,"column":45}},"117":{"start":{"line":118,"column":0},"end":{"line":118,"column":57}},"118":{"start":{"line":119,"column":0},"end":{"line":119,"column":0}},"119":{"start":{"line":120,"column":0},"end":{"line":120,"column":51}},"120":{"start":{"line":121,"column":0},"end":{"line":121,"column":57}},"121":{"start":{"line":122,"column":0},"end":{"line":122,"column":33}},"122":{"start":{"line":123,"column":0},"end":{"line":123,"column":41}},"123":{"start":{"line":124,"column":0},"end":{"line":124,"column":7}},"124":{"start":{"line":125,"column":0},"end":{"line":125,"column":0}},"125":{"start":{"line":126,"column":0},"end":{"line":126,"column":48}},"126":{"start":{"line":127,"column":0},"end":{"line":127,"column":47}},"127":{"start":{"line":128,"column":0},"end":{"line":128,"column":39}},"128":{"start":{"line":129,"column":0},"end":{"line":129,"column":41}},"129":{"start":{"line":130,"column":0},"end":{"line":130,"column":40}},"130":{"start":{"line":131,"column":0},"end":{"line":131,"column":46}},"131":{"start":{"line":132,"column":0},"end":{"line":132,"column":36}},"132":{"start":{"line":133,"column":0},"end":{"line":133,"column":40}},"133":{"start":{"line":134,"column":0},"end":{"line":134,"column":45}},"134":{"start":{"line":135,"column":0},"end":{"line":135,"column":45}},"135":{"start":{"line":136,"column":0},"end":{"line":136,"column":49}},"136":{"start":{"line":137,"column":0},"end":{"line":137,"column":43}},"137":{"start":{"line":138,"column":0},"end":{"line":138,"column":45}},"138":{"start":{"line":139,"column":0},"end":{"line":139,"column":45}},"139":{"start":{"line":140,"column":0},"end":{"line":140,"column":23}},"140":{"start":{"line":141,"column":0},"end":{"line":141,"column":18}},"141":{"start":{"line":142,"column":0},"end":{"line":142,"column":32}},"142":{"start":{"line":143,"column":0},"end":{"line":143,"column":33}},"143":{"start":{"line":144,"column":0},"end":{"line":144,"column":6}},"144":{"start":{"line":145,"column":0},"end":{"line":145,"column":35}},"145":{"start":{"line":146,"column":0},"end":{"line":146,"column":41}},"146":{"start":{"line":147,"column":0},"end":{"line":147,"column":93}},"147":{"start":{"line":148,"column":0},"end":{"line":148,"column":47}},"148":{"start":{"line":149,"column":0},"end":{"line":149,"column":7}},"149":{"start":{"line":150,"column":0},"end":{"line":150,"column":5}},"150":{"start":{"line":151,"column":0},"end":{"line":151,"column":0}},"151":{"start":{"line":152,"column":0},"end":{"line":152,"column":42}},"152":{"start":{"line":153,"column":0},"end":{"line":153,"column":47}},"153":{"start":{"line":154,"column":0},"end":{"line":154,"column":64}},"154":{"start":{"line":155,"column":0},"end":{"line":155,"column":6}},"155":{"start":{"line":156,"column":0},"end":{"line":156,"column":35}},"156":{"start":{"line":157,"column":0},"end":{"line":157,"column":41}},"157":{"start":{"line":158,"column":0},"end":{"line":158,"column":95}},"158":{"start":{"line":159,"column":0},"end":{"line":159,"column":47}},"159":{"start":{"line":160,"column":0},"end":{"line":160,"column":7}},"160":{"start":{"line":161,"column":0},"end":{"line":161,"column":5}},"161":{"start":{"line":162,"column":0},"end":{"line":162,"column":0}},"162":{"start":{"line":163,"column":0},"end":{"line":163,"column":37}},"163":{"start":{"line":164,"column":0},"end":{"line":164,"column":52}},"164":{"start":{"line":165,"column":0},"end":{"line":165,"column":73}},"165":{"start":{"line":166,"column":0},"end":{"line":166,"column":6}},"166":{"start":{"line":167,"column":0},"end":{"line":167,"column":40}},"167":{"start":{"line":168,"column":0},"end":{"line":168,"column":46}},"168":{"start":{"line":169,"column":0},"end":{"line":169,"column":76}},"169":{"start":{"line":170,"column":0},"end":{"line":170,"column":45}},"170":{"start":{"line":171,"column":0},"end":{"line":171,"column":7}},"171":{"start":{"line":172,"column":0},"end":{"line":172,"column":5}},"172":{"start":{"line":173,"column":0},"end":{"line":173,"column":0}},"173":{"start":{"line":174,"column":0},"end":{"line":174,"column":50}},"174":{"start":{"line":175,"column":0},"end":{"line":175,"column":46}},"175":{"start":{"line":176,"column":0},"end":{"line":176,"column":75}},"176":{"start":{"line":177,"column":0},"end":{"line":177,"column":6}},"177":{"start":{"line":178,"column":0},"end":{"line":178,"column":34}},"178":{"start":{"line":179,"column":0},"end":{"line":179,"column":40}},"179":{"start":{"line":180,"column":0},"end":{"line":180,"column":71}},"180":{"start":{"line":181,"column":0},"end":{"line":181,"column":46}},"181":{"start":{"line":182,"column":0},"end":{"line":182,"column":7}},"182":{"start":{"line":183,"column":0},"end":{"line":183,"column":5}},"183":{"start":{"line":184,"column":0},"end":{"line":184,"column":0}},"184":{"start":{"line":185,"column":0},"end":{"line":185,"column":50}},"185":{"start":{"line":186,"column":0},"end":{"line":186,"column":51}},"186":{"start":{"line":187,"column":0},"end":{"line":187,"column":81}},"187":{"start":{"line":188,"column":0},"end":{"line":188,"column":6}},"188":{"start":{"line":189,"column":0},"end":{"line":189,"column":39}},"189":{"start":{"line":190,"column":0},"end":{"line":190,"column":45}},"190":{"start":{"line":191,"column":0},"end":{"line":191,"column":82}},"191":{"start":{"line":192,"column":0},"end":{"line":192,"column":51}},"192":{"start":{"line":193,"column":0},"end":{"line":193,"column":7}},"193":{"start":{"line":194,"column":0},"end":{"line":194,"column":5}},"194":{"start":{"line":195,"column":0},"end":{"line":195,"column":0}},"195":{"start":{"line":196,"column":0},"end":{"line":196,"column":32}},"196":{"start":{"line":197,"column":0},"end":{"line":197,"column":47}},"197":{"start":{"line":198,"column":0},"end":{"line":198,"column":63}},"198":{"start":{"line":199,"column":0},"end":{"line":199,"column":6}},"199":{"start":{"line":200,"column":0},"end":{"line":200,"column":35}},"200":{"start":{"line":201,"column":0},"end":{"line":201,"column":41}},"201":{"start":{"line":202,"column":0},"end":{"line":202,"column":91}},"202":{"start":{"line":203,"column":0},"end":{"line":203,"column":47}},"203":{"start":{"line":204,"column":0},"end":{"line":204,"column":7}},"204":{"start":{"line":205,"column":0},"end":{"line":205,"column":5}},"205":{"start":{"line":206,"column":0},"end":{"line":206,"column":0}},"206":{"start":{"line":207,"column":0},"end":{"line":207,"column":36}},"207":{"start":{"line":208,"column":0},"end":{"line":208,"column":51}},"208":{"start":{"line":209,"column":0},"end":{"line":209,"column":71}},"209":{"start":{"line":210,"column":0},"end":{"line":210,"column":6}},"210":{"start":{"line":211,"column":0},"end":{"line":211,"column":39}},"211":{"start":{"line":212,"column":0},"end":{"line":212,"column":45}},"212":{"start":{"line":213,"column":0},"end":{"line":213,"column":99}},"213":{"start":{"line":214,"column":0},"end":{"line":214,"column":51}},"214":{"start":{"line":215,"column":0},"end":{"line":215,"column":7}},"215":{"start":{"line":216,"column":0},"end":{"line":216,"column":5}},"216":{"start":{"line":217,"column":0},"end":{"line":217,"column":0}},"217":{"start":{"line":218,"column":0},"end":{"line":218,"column":41}},"218":{"start":{"line":219,"column":0},"end":{"line":219,"column":56}},"219":{"start":{"line":220,"column":0},"end":{"line":220,"column":81}},"220":{"start":{"line":221,"column":0},"end":{"line":221,"column":6}},"221":{"start":{"line":222,"column":0},"end":{"line":222,"column":44}},"222":{"start":{"line":223,"column":0},"end":{"line":223,"column":50}},"223":{"start":{"line":224,"column":0},"end":{"line":224,"column":101}},"224":{"start":{"line":225,"column":0},"end":{"line":225,"column":48}},"225":{"start":{"line":226,"column":0},"end":{"line":226,"column":7}},"226":{"start":{"line":227,"column":0},"end":{"line":227,"column":5}},"227":{"start":{"line":228,"column":0},"end":{"line":228,"column":0}},"228":{"start":{"line":229,"column":0},"end":{"line":229,"column":41}},"229":{"start":{"line":230,"column":0},"end":{"line":230,"column":56}},"230":{"start":{"line":231,"column":0},"end":{"line":231,"column":81}},"231":{"start":{"line":232,"column":0},"end":{"line":232,"column":6}},"232":{"start":{"line":233,"column":0},"end":{"line":233,"column":44}},"233":{"start":{"line":234,"column":0},"end":{"line":234,"column":50}},"234":{"start":{"line":235,"column":0},"end":{"line":235,"column":92}},"235":{"start":{"line":236,"column":0},"end":{"line":236,"column":48}},"236":{"start":{"line":237,"column":0},"end":{"line":237,"column":7}},"237":{"start":{"line":238,"column":0},"end":{"line":238,"column":5}},"238":{"start":{"line":239,"column":0},"end":{"line":239,"column":0}},"239":{"start":{"line":240,"column":0},"end":{"line":240,"column":45}},"240":{"start":{"line":241,"column":0},"end":{"line":241,"column":52}},"241":{"start":{"line":242,"column":0},"end":{"line":242,"column":89}},"242":{"start":{"line":243,"column":0},"end":{"line":243,"column":6}},"243":{"start":{"line":244,"column":0},"end":{"line":244,"column":40}},"244":{"start":{"line":245,"column":0},"end":{"line":245,"column":46}},"245":{"start":{"line":246,"column":0},"end":{"line":246,"column":91}},"246":{"start":{"line":247,"column":0},"end":{"line":247,"column":42}},"247":{"start":{"line":248,"column":0},"end":{"line":248,"column":7}},"248":{"start":{"line":249,"column":0},"end":{"line":249,"column":5}},"249":{"start":{"line":250,"column":0},"end":{"line":250,"column":0}},"250":{"start":{"line":251,"column":0},"end":{"line":251,"column":39}},"251":{"start":{"line":252,"column":0},"end":{"line":252,"column":54}},"252":{"start":{"line":253,"column":0},"end":{"line":253,"column":77}},"253":{"start":{"line":254,"column":0},"end":{"line":254,"column":6}},"254":{"start":{"line":255,"column":0},"end":{"line":255,"column":42}},"255":{"start":{"line":256,"column":0},"end":{"line":256,"column":48}},"256":{"start":{"line":257,"column":0},"end":{"line":257,"column":100}},"257":{"start":{"line":258,"column":0},"end":{"line":258,"column":49}},"258":{"start":{"line":259,"column":0},"end":{"line":259,"column":7}},"259":{"start":{"line":260,"column":0},"end":{"line":260,"column":5}},"260":{"start":{"line":261,"column":0},"end":{"line":261,"column":0}},"261":{"start":{"line":262,"column":0},"end":{"line":262,"column":41}},"262":{"start":{"line":263,"column":0},"end":{"line":263,"column":55}},"263":{"start":{"line":264,"column":0},"end":{"line":264,"column":80}},"264":{"start":{"line":265,"column":0},"end":{"line":265,"column":6}},"265":{"start":{"line":266,"column":0},"end":{"line":266,"column":43}},"266":{"start":{"line":267,"column":0},"end":{"line":267,"column":49}},"267":{"start":{"line":268,"column":0},"end":{"line":268,"column":81}},"268":{"start":{"line":269,"column":0},"end":{"line":269,"column":48}},"269":{"start":{"line":270,"column":0},"end":{"line":270,"column":7}},"270":{"start":{"line":271,"column":0},"end":{"line":271,"column":5}},"271":{"start":{"line":272,"column":0},"end":{"line":272,"column":0}},"272":{"start":{"line":273,"column":0},"end":{"line":273,"column":41}},"273":{"start":{"line":274,"column":0},"end":{"line":274,"column":56}},"274":{"start":{"line":275,"column":0},"end":{"line":275,"column":81}},"275":{"start":{"line":276,"column":0},"end":{"line":276,"column":6}},"276":{"start":{"line":277,"column":0},"end":{"line":277,"column":44}},"277":{"start":{"line":278,"column":0},"end":{"line":278,"column":50}},"278":{"start":{"line":279,"column":0},"end":{"line":279,"column":103}},"279":{"start":{"line":280,"column":0},"end":{"line":280,"column":50}},"280":{"start":{"line":281,"column":0},"end":{"line":281,"column":7}},"281":{"start":{"line":282,"column":0},"end":{"line":282,"column":5}},"282":{"start":{"line":283,"column":0},"end":{"line":283,"column":0}},"283":{"start":{"line":284,"column":0},"end":{"line":284,"column":71}},"284":{"start":{"line":285,"column":0},"end":{"line":285,"column":35}},"285":{"start":{"line":286,"column":0},"end":{"line":286,"column":53}},"286":{"start":{"line":287,"column":0},"end":{"line":287,"column":59}},"287":{"start":{"line":288,"column":0},"end":{"line":288,"column":32}},"288":{"start":{"line":289,"column":0},"end":{"line":289,"column":77}},"289":{"start":{"line":290,"column":0},"end":{"line":290,"column":19}},"290":{"start":{"line":291,"column":0},"end":{"line":291,"column":9}},"291":{"start":{"line":292,"column":0},"end":{"line":292,"column":0}},"292":{"start":{"line":293,"column":0},"end":{"line":293,"column":54}},"293":{"start":{"line":294,"column":0},"end":{"line":294,"column":59}},"294":{"start":{"line":295,"column":0},"end":{"line":295,"column":17}},"295":{"start":{"line":296,"column":0},"end":{"line":296,"column":27}},"296":{"start":{"line":297,"column":0},"end":{"line":297,"column":23}},"297":{"start":{"line":298,"column":0},"end":{"line":298,"column":10}},"298":{"start":{"line":299,"column":0},"end":{"line":299,"column":0}},"299":{"start":{"line":300,"column":0},"end":{"line":300,"column":24}},"300":{"start":{"line":301,"column":0},"end":{"line":301,"column":37}},"301":{"start":{"line":302,"column":0},"end":{"line":302,"column":9}},"302":{"start":{"line":303,"column":0},"end":{"line":303,"column":7}},"303":{"start":{"line":304,"column":0},"end":{"line":304,"column":5}},"304":{"start":{"line":305,"column":0},"end":{"line":305,"column":0}},"305":{"start":{"line":306,"column":0},"end":{"line":306,"column":22}},"306":{"start":{"line":307,"column":0},"end":{"line":307,"column":3}},"307":{"start":{"line":308,"column":0},"end":{"line":308,"column":0}},"308":{"start":{"line":309,"column":0},"end":{"line":309,"column":5}},"309":{"start":{"line":310,"column":0},"end":{"line":310,"column":61}},"310":{"start":{"line":311,"column":0},"end":{"line":311,"column":4}},"311":{"start":{"line":312,"column":0},"end":{"line":312,"column":83}},"312":{"start":{"line":313,"column":0},"end":{"line":313,"column":33}},"313":{"start":{"line":314,"column":0},"end":{"line":314,"column":4}},"314":{"start":{"line":315,"column":0},"end":{"line":315,"column":38}},"315":{"start":{"line":316,"column":0},"end":{"line":316,"column":51}},"316":{"start":{"line":317,"column":0},"end":{"line":317,"column":70}},"317":{"start":{"line":318,"column":0},"end":{"line":318,"column":5}},"318":{"start":{"line":319,"column":0},"end":{"line":319,"column":33}},"319":{"start":{"line":320,"column":0},"end":{"line":320,"column":31}},"320":{"start":{"line":321,"column":0},"end":{"line":321,"column":27}},"321":{"start":{"line":322,"column":0},"end":{"line":322,"column":36}},"322":{"start":{"line":323,"column":0},"end":{"line":323,"column":57}},"323":{"start":{"line":324,"column":0},"end":{"line":324,"column":0}},"324":{"start":{"line":325,"column":0},"end":{"line":325,"column":32}},"325":{"start":{"line":326,"column":0},"end":{"line":326,"column":45}},"326":{"start":{"line":327,"column":0},"end":{"line":327,"column":0}},"327":{"start":{"line":328,"column":0},"end":{"line":328,"column":49}},"328":{"start":{"line":329,"column":0},"end":{"line":329,"column":53}},"329":{"start":{"line":330,"column":0},"end":{"line":330,"column":50}},"330":{"start":{"line":331,"column":0},"end":{"line":331,"column":6}},"331":{"start":{"line":332,"column":0},"end":{"line":332,"column":0}},"332":{"start":{"line":333,"column":0},"end":{"line":333,"column":70}},"333":{"start":{"line":334,"column":0},"end":{"line":334,"column":42}},"334":{"start":{"line":335,"column":0},"end":{"line":335,"column":39}},"335":{"start":{"line":336,"column":0},"end":{"line":336,"column":62}},"336":{"start":{"line":337,"column":0},"end":{"line":337,"column":25}},"337":{"start":{"line":338,"column":0},"end":{"line":338,"column":30}},"338":{"start":{"line":339,"column":0},"end":{"line":339,"column":34}},"339":{"start":{"line":340,"column":0},"end":{"line":340,"column":28}},"340":{"start":{"line":341,"column":0},"end":{"line":341,"column":158}},"341":{"start":{"line":342,"column":0},"end":{"line":342,"column":32}},"342":{"start":{"line":343,"column":0},"end":{"line":343,"column":28}},"343":{"start":{"line":344,"column":0},"end":{"line":344,"column":32}},"344":{"start":{"line":345,"column":0},"end":{"line":345,"column":11}},"345":{"start":{"line":346,"column":0},"end":{"line":346,"column":7}},"346":{"start":{"line":347,"column":0},"end":{"line":347,"column":5}},"347":{"start":{"line":348,"column":0},"end":{"line":348,"column":0}},"348":{"start":{"line":349,"column":0},"end":{"line":349,"column":22}},"349":{"start":{"line":350,"column":0},"end":{"line":350,"column":3}},"350":{"start":{"line":351,"column":0},"end":{"line":351,"column":0}},"351":{"start":{"line":352,"column":0},"end":{"line":352,"column":5}},"352":{"start":{"line":353,"column":0},"end":{"line":353,"column":80}},"353":{"start":{"line":354,"column":0},"end":{"line":354,"column":4}},"354":{"start":{"line":355,"column":0},"end":{"line":355,"column":68}},"355":{"start":{"line":356,"column":0},"end":{"line":356,"column":66}},"356":{"start":{"line":357,"column":0},"end":{"line":357,"column":48}},"357":{"start":{"line":358,"column":0},"end":{"line":358,"column":61}},"358":{"start":{"line":359,"column":0},"end":{"line":359,"column":5}},"359":{"start":{"line":360,"column":0},"end":{"line":360,"column":38}},"360":{"start":{"line":361,"column":0},"end":{"line":361,"column":32}},"361":{"start":{"line":362,"column":0},"end":{"line":362,"column":30}},"362":{"start":{"line":363,"column":0},"end":{"line":363,"column":35}},"363":{"start":{"line":364,"column":0},"end":{"line":364,"column":41}},"364":{"start":{"line":365,"column":0},"end":{"line":365,"column":31}},"365":{"start":{"line":366,"column":0},"end":{"line":366,"column":84}},"366":{"start":{"line":367,"column":0},"end":{"line":367,"column":10}},"367":{"start":{"line":368,"column":0},"end":{"line":368,"column":41}},"368":{"start":{"line":369,"column":0},"end":{"line":369,"column":40}},"369":{"start":{"line":370,"column":0},"end":{"line":370,"column":46}},"370":{"start":{"line":371,"column":0},"end":{"line":371,"column":36}},"371":{"start":{"line":372,"column":0},"end":{"line":372,"column":40}},"372":{"start":{"line":373,"column":0},"end":{"line":373,"column":45}},"373":{"start":{"line":374,"column":0},"end":{"line":374,"column":45}},"374":{"start":{"line":375,"column":0},"end":{"line":375,"column":49}},"375":{"start":{"line":376,"column":0},"end":{"line":376,"column":43}},"376":{"start":{"line":377,"column":0},"end":{"line":377,"column":45}},"377":{"start":{"line":378,"column":0},"end":{"line":378,"column":42}},"378":{"start":{"line":379,"column":0},"end":{"line":379,"column":9}},"379":{"start":{"line":380,"column":0},"end":{"line":380,"column":17}},"380":{"start":{"line":381,"column":0},"end":{"line":381,"column":7}},"381":{"start":{"line":382,"column":0},"end":{"line":382,"column":0}},"382":{"start":{"line":383,"column":0},"end":{"line":383,"column":54}},"383":{"start":{"line":384,"column":0},"end":{"line":384,"column":45}},"384":{"start":{"line":385,"column":0},"end":{"line":385,"column":0}},"385":{"start":{"line":386,"column":0},"end":{"line":386,"column":60}},"386":{"start":{"line":387,"column":0},"end":{"line":387,"column":60}},"387":{"start":{"line":388,"column":0},"end":{"line":388,"column":17}},"388":{"start":{"line":389,"column":0},"end":{"line":389,"column":7}},"389":{"start":{"line":390,"column":0},"end":{"line":390,"column":0}},"390":{"start":{"line":391,"column":0},"end":{"line":391,"column":49}},"391":{"start":{"line":392,"column":0},"end":{"line":392,"column":40}},"392":{"start":{"line":393,"column":0},"end":{"line":393,"column":17}},"393":{"start":{"line":394,"column":0},"end":{"line":394,"column":7}},"394":{"start":{"line":395,"column":0},"end":{"line":395,"column":0}},"395":{"start":{"line":396,"column":0},"end":{"line":396,"column":52}},"396":{"start":{"line":397,"column":0},"end":{"line":397,"column":83}},"397":{"start":{"line":398,"column":0},"end":{"line":398,"column":77}},"398":{"start":{"line":399,"column":0},"end":{"line":399,"column":0}},"399":{"start":{"line":400,"column":0},"end":{"line":400,"column":45}},"400":{"start":{"line":401,"column":0},"end":{"line":401,"column":47}},"401":{"start":{"line":402,"column":0},"end":{"line":402,"column":43}},"402":{"start":{"line":403,"column":0},"end":{"line":403,"column":63}},"403":{"start":{"line":404,"column":0},"end":{"line":404,"column":18}},"404":{"start":{"line":405,"column":0},"end":{"line":405,"column":35}},"405":{"start":{"line":406,"column":0},"end":{"line":406,"column":39}},"406":{"start":{"line":407,"column":0},"end":{"line":407,"column":34}},"407":{"start":{"line":408,"column":0},"end":{"line":408,"column":182}},"408":{"start":{"line":409,"column":0},"end":{"line":409,"column":38}},"409":{"start":{"line":410,"column":0},"end":{"line":410,"column":34}},"410":{"start":{"line":411,"column":0},"end":{"line":411,"column":38}},"411":{"start":{"line":412,"column":0},"end":{"line":412,"column":12}},"412":{"start":{"line":413,"column":0},"end":{"line":413,"column":9}},"413":{"start":{"line":414,"column":0},"end":{"line":414,"column":103}},"414":{"start":{"line":415,"column":0},"end":{"line":415,"column":7}},"415":{"start":{"line":416,"column":0},"end":{"line":416,"column":5}},"416":{"start":{"line":417,"column":0},"end":{"line":417,"column":0}},"417":{"start":{"line":418,"column":0},"end":{"line":418,"column":16}},"418":{"start":{"line":419,"column":0},"end":{"line":419,"column":3}},"419":{"start":{"line":420,"column":0},"end":{"line":420,"column":0}},"420":{"start":{"line":421,"column":0},"end":{"line":421,"column":5}},"421":{"start":{"line":422,"column":0},"end":{"line":422,"column":47}},"422":{"start":{"line":423,"column":0},"end":{"line":423,"column":4}},"423":{"start":{"line":424,"column":0},"end":{"line":424,"column":85}},"424":{"start":{"line":425,"column":0},"end":{"line":425,"column":57}},"425":{"start":{"line":426,"column":0},"end":{"line":426,"column":4}},"426":{"start":{"line":427,"column":0},"end":{"line":427,"column":38}},"427":{"start":{"line":428,"column":0},"end":{"line":428,"column":51}},"428":{"start":{"line":429,"column":0},"end":{"line":429,"column":56}},"429":{"start":{"line":430,"column":0},"end":{"line":430,"column":67}},"430":{"start":{"line":431,"column":0},"end":{"line":431,"column":5}},"431":{"start":{"line":432,"column":0},"end":{"line":432,"column":39}},"432":{"start":{"line":433,"column":0},"end":{"line":433,"column":31}},"433":{"start":{"line":434,"column":0},"end":{"line":434,"column":44}},"434":{"start":{"line":435,"column":0},"end":{"line":435,"column":24}},"435":{"start":{"line":436,"column":0},"end":{"line":436,"column":36}},"436":{"start":{"line":437,"column":0},"end":{"line":437,"column":57}},"437":{"start":{"line":438,"column":0},"end":{"line":438,"column":0}},"438":{"start":{"line":439,"column":0},"end":{"line":439,"column":65}},"439":{"start":{"line":440,"column":0},"end":{"line":440,"column":52}},"440":{"start":{"line":441,"column":0},"end":{"line":441,"column":24}},"441":{"start":{"line":442,"column":0},"end":{"line":442,"column":5}},"442":{"start":{"line":443,"column":0},"end":{"line":443,"column":0}},"443":{"start":{"line":444,"column":0},"end":{"line":444,"column":50}},"444":{"start":{"line":445,"column":0},"end":{"line":445,"column":53}},"445":{"start":{"line":446,"column":0},"end":{"line":446,"column":51}},"446":{"start":{"line":447,"column":0},"end":{"line":447,"column":6}},"447":{"start":{"line":448,"column":0},"end":{"line":448,"column":0}},"448":{"start":{"line":449,"column":0},"end":{"line":449,"column":81}},"449":{"start":{"line":450,"column":0},"end":{"line":450,"column":42}},"450":{"start":{"line":451,"column":0},"end":{"line":451,"column":71}},"451":{"start":{"line":452,"column":0},"end":{"line":452,"column":75}},"452":{"start":{"line":453,"column":0},"end":{"line":453,"column":49}},"453":{"start":{"line":454,"column":0},"end":{"line":454,"column":66}},"454":{"start":{"line":455,"column":0},"end":{"line":455,"column":0}},"455":{"start":{"line":456,"column":0},"end":{"line":456,"column":55}},"456":{"start":{"line":457,"column":0},"end":{"line":457,"column":64}},"457":{"start":{"line":458,"column":0},"end":{"line":458,"column":0}},"458":{"start":{"line":459,"column":0},"end":{"line":459,"column":62}},"459":{"start":{"line":460,"column":0},"end":{"line":460,"column":9}},"460":{"start":{"line":461,"column":0},"end":{"line":461,"column":0}},"461":{"start":{"line":462,"column":0},"end":{"line":462,"column":60}},"462":{"start":{"line":463,"column":0},"end":{"line":463,"column":35}},"463":{"start":{"line":464,"column":0},"end":{"line":464,"column":55}},"464":{"start":{"line":465,"column":0},"end":{"line":465,"column":60}},"465":{"start":{"line":466,"column":0},"end":{"line":466,"column":0}},"466":{"start":{"line":467,"column":0},"end":{"line":467,"column":59}},"467":{"start":{"line":468,"column":0},"end":{"line":468,"column":37}},"468":{"start":{"line":469,"column":0},"end":{"line":469,"column":25}},"469":{"start":{"line":470,"column":0},"end":{"line":470,"column":0}},"470":{"start":{"line":471,"column":0},"end":{"line":471,"column":25}},"471":{"start":{"line":472,"column":0},"end":{"line":472,"column":30}},"472":{"start":{"line":473,"column":0},"end":{"line":473,"column":34}},"473":{"start":{"line":474,"column":0},"end":{"line":474,"column":28}},"474":{"start":{"line":475,"column":0},"end":{"line":475,"column":157}},"475":{"start":{"line":476,"column":0},"end":{"line":476,"column":32}},"476":{"start":{"line":477,"column":0},"end":{"line":477,"column":34}},"477":{"start":{"line":478,"column":0},"end":{"line":478,"column":32}},"478":{"start":{"line":479,"column":0},"end":{"line":479,"column":11}},"479":{"start":{"line":480,"column":0},"end":{"line":480,"column":7}},"480":{"start":{"line":481,"column":0},"end":{"line":481,"column":5}},"481":{"start":{"line":482,"column":0},"end":{"line":482,"column":0}},"482":{"start":{"line":483,"column":0},"end":{"line":483,"column":22}},"483":{"start":{"line":484,"column":0},"end":{"line":484,"column":3}},"484":{"start":{"line":485,"column":0},"end":{"line":485,"column":0}},"485":{"start":{"line":486,"column":0},"end":{"line":486,"column":5}},"486":{"start":{"line":487,"column":0},"end":{"line":487,"column":65}},"487":{"start":{"line":488,"column":0},"end":{"line":488,"column":4}},"488":{"start":{"line":489,"column":0},"end":{"line":489,"column":15}},"489":{"start":{"line":490,"column":0},"end":{"line":490,"column":77}},"490":{"start":{"line":491,"column":0},"end":{"line":491,"column":68}},"491":{"start":{"line":492,"column":0},"end":{"line":492,"column":4}},"492":{"start":{"line":493,"column":0},"end":{"line":493,"column":38}},"493":{"start":{"line":494,"column":0},"end":{"line":494,"column":51}},"494":{"start":{"line":495,"column":0},"end":{"line":495,"column":56}},"495":{"start":{"line":496,"column":0},"end":{"line":496,"column":65}},"496":{"start":{"line":497,"column":0},"end":{"line":497,"column":5}},"497":{"start":{"line":498,"column":0},"end":{"line":498,"column":37}},"498":{"start":{"line":499,"column":0},"end":{"line":499,"column":31}},"499":{"start":{"line":500,"column":0},"end":{"line":500,"column":44}},"500":{"start":{"line":501,"column":0},"end":{"line":501,"column":24}},"501":{"start":{"line":502,"column":0},"end":{"line":502,"column":36}},"502":{"start":{"line":503,"column":0},"end":{"line":503,"column":57}},"503":{"start":{"line":504,"column":0},"end":{"line":504,"column":0}},"504":{"start":{"line":505,"column":0},"end":{"line":505,"column":48}},"505":{"start":{"line":506,"column":0},"end":{"line":506,"column":21}},"506":{"start":{"line":507,"column":0},"end":{"line":507,"column":37}},"507":{"start":{"line":508,"column":0},"end":{"line":508,"column":65}},"508":{"start":{"line":509,"column":0},"end":{"line":509,"column":44}},"509":{"start":{"line":510,"column":0},"end":{"line":510,"column":5}},"510":{"start":{"line":511,"column":0},"end":{"line":511,"column":0}},"511":{"start":{"line":512,"column":0},"end":{"line":512,"column":48}},"512":{"start":{"line":513,"column":0},"end":{"line":513,"column":0}},"513":{"start":{"line":514,"column":0},"end":{"line":514,"column":38}},"514":{"start":{"line":515,"column":0},"end":{"line":515,"column":33}},"515":{"start":{"line":516,"column":0},"end":{"line":516,"column":47}},"516":{"start":{"line":517,"column":0},"end":{"line":517,"column":7}},"517":{"start":{"line":518,"column":0},"end":{"line":518,"column":0}},"518":{"start":{"line":519,"column":0},"end":{"line":519,"column":7}},"519":{"start":{"line":520,"column":0},"end":{"line":520,"column":25}},"520":{"start":{"line":521,"column":0},"end":{"line":521,"column":71}},"521":{"start":{"line":522,"column":0},"end":{"line":522,"column":7}},"522":{"start":{"line":523,"column":0},"end":{"line":523,"column":79}},"523":{"start":{"line":524,"column":0},"end":{"line":524,"column":47}},"524":{"start":{"line":525,"column":0},"end":{"line":525,"column":31}},"525":{"start":{"line":526,"column":0},"end":{"line":526,"column":0}},"526":{"start":{"line":527,"column":0},"end":{"line":527,"column":69}},"527":{"start":{"line":528,"column":0},"end":{"line":528,"column":72}},"528":{"start":{"line":529,"column":0},"end":{"line":529,"column":25}},"529":{"start":{"line":530,"column":0},"end":{"line":530,"column":48}},"530":{"start":{"line":531,"column":0},"end":{"line":531,"column":20}},"531":{"start":{"line":532,"column":0},"end":{"line":532,"column":7}},"532":{"start":{"line":533,"column":0},"end":{"line":533,"column":0}},"533":{"start":{"line":534,"column":0},"end":{"line":534,"column":35}},"534":{"start":{"line":535,"column":0},"end":{"line":535,"column":45}},"535":{"start":{"line":536,"column":0},"end":{"line":536,"column":28}},"536":{"start":{"line":537,"column":0},"end":{"line":537,"column":0}},"537":{"start":{"line":538,"column":0},"end":{"line":538,"column":31}},"538":{"start":{"line":539,"column":0},"end":{"line":539,"column":50}},"539":{"start":{"line":540,"column":0},"end":{"line":540,"column":49}},"540":{"start":{"line":541,"column":0},"end":{"line":541,"column":56}},"541":{"start":{"line":542,"column":0},"end":{"line":542,"column":0}},"542":{"start":{"line":543,"column":0},"end":{"line":543,"column":44}},"543":{"start":{"line":544,"column":0},"end":{"line":544,"column":0}},"544":{"start":{"line":545,"column":0},"end":{"line":545,"column":43}},"545":{"start":{"line":546,"column":0},"end":{"line":546,"column":48}},"546":{"start":{"line":547,"column":0},"end":{"line":547,"column":51}},"547":{"start":{"line":548,"column":0},"end":{"line":548,"column":34}},"548":{"start":{"line":549,"column":0},"end":{"line":549,"column":56}},"549":{"start":{"line":550,"column":0},"end":{"line":550,"column":11}},"550":{"start":{"line":551,"column":0},"end":{"line":551,"column":51}},"551":{"start":{"line":552,"column":0},"end":{"line":552,"column":57}},"552":{"start":{"line":553,"column":0},"end":{"line":553,"column":26}},"553":{"start":{"line":554,"column":0},"end":{"line":554,"column":29}},"554":{"start":{"line":555,"column":0},"end":{"line":555,"column":11}},"555":{"start":{"line":556,"column":0},"end":{"line":556,"column":9}},"556":{"start":{"line":557,"column":0},"end":{"line":557,"column":7}},"557":{"start":{"line":558,"column":0},"end":{"line":558,"column":0}},"558":{"start":{"line":559,"column":0},"end":{"line":559,"column":35}},"559":{"start":{"line":560,"column":0},"end":{"line":560,"column":46}},"560":{"start":{"line":561,"column":0},"end":{"line":561,"column":18}},"561":{"start":{"line":562,"column":0},"end":{"line":562,"column":6}},"562":{"start":{"line":563,"column":0},"end":{"line":563,"column":0}},"563":{"start":{"line":564,"column":0},"end":{"line":564,"column":41}},"564":{"start":{"line":565,"column":0},"end":{"line":565,"column":35}},"565":{"start":{"line":566,"column":0},"end":{"line":566,"column":56}},"566":{"start":{"line":567,"column":0},"end":{"line":567,"column":52}},"567":{"start":{"line":568,"column":0},"end":{"line":568,"column":48}},"568":{"start":{"line":569,"column":0},"end":{"line":569,"column":46}},"569":{"start":{"line":570,"column":0},"end":{"line":570,"column":57}},"570":{"start":{"line":571,"column":0},"end":{"line":571,"column":27}},"571":{"start":{"line":572,"column":0},"end":{"line":572,"column":32}},"572":{"start":{"line":573,"column":0},"end":{"line":573,"column":36}},"573":{"start":{"line":574,"column":0},"end":{"line":574,"column":31}},"574":{"start":{"line":575,"column":0},"end":{"line":575,"column":130}},"575":{"start":{"line":576,"column":0},"end":{"line":576,"column":56}},"576":{"start":{"line":577,"column":0},"end":{"line":577,"column":73}},"577":{"start":{"line":578,"column":0},"end":{"line":578,"column":41}},"578":{"start":{"line":579,"column":0},"end":{"line":579,"column":13}},"579":{"start":{"line":580,"column":0},"end":{"line":580,"column":0}},"580":{"start":{"line":581,"column":0},"end":{"line":581,"column":80}},"581":{"start":{"line":582,"column":0},"end":{"line":582,"column":73}},"582":{"start":{"line":583,"column":0},"end":{"line":583,"column":9}},"583":{"start":{"line":584,"column":0},"end":{"line":584,"column":7}},"584":{"start":{"line":585,"column":0},"end":{"line":585,"column":5}},"585":{"start":{"line":586,"column":0},"end":{"line":586,"column":0}},"586":{"start":{"line":587,"column":0},"end":{"line":587,"column":22}},"587":{"start":{"line":588,"column":0},"end":{"line":588,"column":3}},"588":{"start":{"line":589,"column":0},"end":{"line":589,"column":0}},"589":{"start":{"line":590,"column":0},"end":{"line":590,"column":5}},"590":{"start":{"line":591,"column":0},"end":{"line":591,"column":80}},"591":{"start":{"line":592,"column":0},"end":{"line":592,"column":4}},"592":{"start":{"line":593,"column":0},"end":{"line":593,"column":78}},"593":{"start":{"line":594,"column":0},"end":{"line":594,"column":69}},"594":{"start":{"line":595,"column":0},"end":{"line":595,"column":4}},"595":{"start":{"line":596,"column":0},"end":{"line":596,"column":38}},"596":{"start":{"line":597,"column":0},"end":{"line":597,"column":54}},"597":{"start":{"line":598,"column":0},"end":{"line":598,"column":64}},"598":{"start":{"line":599,"column":0},"end":{"line":599,"column":5}},"599":{"start":{"line":600,"column":0},"end":{"line":600,"column":27}},"600":{"start":{"line":601,"column":0},"end":{"line":601,"column":31}},"601":{"start":{"line":602,"column":0},"end":{"line":602,"column":30}},"602":{"start":{"line":603,"column":0},"end":{"line":603,"column":36}},"603":{"start":{"line":604,"column":0},"end":{"line":604,"column":57}},"604":{"start":{"line":605,"column":0},"end":{"line":605,"column":0}},"605":{"start":{"line":606,"column":0},"end":{"line":606,"column":49}},"606":{"start":{"line":607,"column":0},"end":{"line":607,"column":53}},"607":{"start":{"line":608,"column":0},"end":{"line":608,"column":50}},"608":{"start":{"line":609,"column":0},"end":{"line":609,"column":6}},"609":{"start":{"line":610,"column":0},"end":{"line":610,"column":0}},"610":{"start":{"line":611,"column":0},"end":{"line":611,"column":50}},"611":{"start":{"line":612,"column":0},"end":{"line":612,"column":53}},"612":{"start":{"line":613,"column":0},"end":{"line":613,"column":59}},"613":{"start":{"line":614,"column":0},"end":{"line":614,"column":42}},"614":{"start":{"line":615,"column":0},"end":{"line":615,"column":42}},"615":{"start":{"line":616,"column":0},"end":{"line":616,"column":0}},"616":{"start":{"line":617,"column":0},"end":{"line":617,"column":46}},"617":{"start":{"line":618,"column":0},"end":{"line":618,"column":57}},"618":{"start":{"line":619,"column":0},"end":{"line":619,"column":57}},"619":{"start":{"line":620,"column":0},"end":{"line":620,"column":0}},"620":{"start":{"line":621,"column":0},"end":{"line":621,"column":68}},"621":{"start":{"line":622,"column":0},"end":{"line":622,"column":78}},"622":{"start":{"line":623,"column":0},"end":{"line":623,"column":78}},"623":{"start":{"line":624,"column":0},"end":{"line":624,"column":0}},"624":{"start":{"line":625,"column":0},"end":{"line":625,"column":31}},"625":{"start":{"line":626,"column":0},"end":{"line":626,"column":78}},"626":{"start":{"line":627,"column":0},"end":{"line":627,"column":0}},"627":{"start":{"line":628,"column":0},"end":{"line":628,"column":48}},"628":{"start":{"line":629,"column":0},"end":{"line":629,"column":62}},"629":{"start":{"line":630,"column":0},"end":{"line":630,"column":27}},"630":{"start":{"line":631,"column":0},"end":{"line":631,"column":32}},"631":{"start":{"line":632,"column":0},"end":{"line":632,"column":36}},"632":{"start":{"line":633,"column":0},"end":{"line":633,"column":31}},"633":{"start":{"line":634,"column":0},"end":{"line":634,"column":249}},"634":{"start":{"line":635,"column":0},"end":{"line":635,"column":35}},"635":{"start":{"line":636,"column":0},"end":{"line":636,"column":33}},"636":{"start":{"line":637,"column":0},"end":{"line":637,"column":37}},"637":{"start":{"line":638,"column":0},"end":{"line":638,"column":13}},"638":{"start":{"line":639,"column":0},"end":{"line":639,"column":9}},"639":{"start":{"line":640,"column":0},"end":{"line":640,"column":7}},"640":{"start":{"line":641,"column":0},"end":{"line":641,"column":5}},"641":{"start":{"line":642,"column":0},"end":{"line":642,"column":0}},"642":{"start":{"line":643,"column":0},"end":{"line":643,"column":22}},"643":{"start":{"line":644,"column":0},"end":{"line":644,"column":3}},"644":{"start":{"line":645,"column":0},"end":{"line":645,"column":0}},"645":{"start":{"line":646,"column":0},"end":{"line":646,"column":5}},"646":{"start":{"line":647,"column":0},"end":{"line":647,"column":45}},"647":{"start":{"line":648,"column":0},"end":{"line":648,"column":4}},"648":{"start":{"line":649,"column":0},"end":{"line":649,"column":70}},"649":{"start":{"line":650,"column":0},"end":{"line":650,"column":72}},"650":{"start":{"line":651,"column":0},"end":{"line":651,"column":4}},"651":{"start":{"line":652,"column":0},"end":{"line":652,"column":38}},"652":{"start":{"line":653,"column":0},"end":{"line":653,"column":55}},"653":{"start":{"line":654,"column":0},"end":{"line":654,"column":56}},"654":{"start":{"line":655,"column":0},"end":{"line":655,"column":5}},"655":{"start":{"line":656,"column":0},"end":{"line":656,"column":33}},"656":{"start":{"line":657,"column":0},"end":{"line":657,"column":31}},"657":{"start":{"line":658,"column":0},"end":{"line":658,"column":30}},"658":{"start":{"line":659,"column":0},"end":{"line":659,"column":36}},"659":{"start":{"line":660,"column":0},"end":{"line":660,"column":57}},"660":{"start":{"line":661,"column":0},"end":{"line":661,"column":0}},"661":{"start":{"line":662,"column":0},"end":{"line":662,"column":59}},"662":{"start":{"line":663,"column":0},"end":{"line":663,"column":57}},"663":{"start":{"line":664,"column":0},"end":{"line":664,"column":0}},"664":{"start":{"line":665,"column":0},"end":{"line":665,"column":47}},"665":{"start":{"line":666,"column":0},"end":{"line":666,"column":33}},"666":{"start":{"line":667,"column":0},"end":{"line":667,"column":45}},"667":{"start":{"line":668,"column":0},"end":{"line":668,"column":7}},"668":{"start":{"line":669,"column":0},"end":{"line":669,"column":0}},"669":{"start":{"line":670,"column":0},"end":{"line":670,"column":48}},"670":{"start":{"line":671,"column":0},"end":{"line":671,"column":33}},"671":{"start":{"line":672,"column":0},"end":{"line":672,"column":48}},"672":{"start":{"line":673,"column":0},"end":{"line":673,"column":61}},"673":{"start":{"line":674,"column":0},"end":{"line":674,"column":53}},"674":{"start":{"line":675,"column":0},"end":{"line":675,"column":9}},"675":{"start":{"line":676,"column":0},"end":{"line":676,"column":7}},"676":{"start":{"line":677,"column":0},"end":{"line":677,"column":0}},"677":{"start":{"line":678,"column":0},"end":{"line":678,"column":69}},"678":{"start":{"line":679,"column":0},"end":{"line":679,"column":53}},"679":{"start":{"line":680,"column":0},"end":{"line":680,"column":50}},"680":{"start":{"line":681,"column":0},"end":{"line":681,"column":6}},"681":{"start":{"line":682,"column":0},"end":{"line":682,"column":0}},"682":{"start":{"line":683,"column":0},"end":{"line":683,"column":42}},"683":{"start":{"line":684,"column":0},"end":{"line":684,"column":64}},"684":{"start":{"line":685,"column":0},"end":{"line":685,"column":0}},"685":{"start":{"line":686,"column":0},"end":{"line":686,"column":36}},"686":{"start":{"line":687,"column":0},"end":{"line":687,"column":25}},"687":{"start":{"line":688,"column":0},"end":{"line":688,"column":17}},"688":{"start":{"line":689,"column":0},"end":{"line":689,"column":7}},"689":{"start":{"line":690,"column":0},"end":{"line":690,"column":0}},"690":{"start":{"line":691,"column":0},"end":{"line":691,"column":46}},"691":{"start":{"line":692,"column":0},"end":{"line":692,"column":42}},"692":{"start":{"line":693,"column":0},"end":{"line":693,"column":77}},"693":{"start":{"line":694,"column":0},"end":{"line":694,"column":44}},"694":{"start":{"line":695,"column":0},"end":{"line":695,"column":41}},"695":{"start":{"line":696,"column":0},"end":{"line":696,"column":11}},"696":{"start":{"line":697,"column":0},"end":{"line":697,"column":0}},"697":{"start":{"line":698,"column":0},"end":{"line":698,"column":27}},"698":{"start":{"line":699,"column":0},"end":{"line":699,"column":19}},"699":{"start":{"line":700,"column":0},"end":{"line":700,"column":9}},"700":{"start":{"line":701,"column":0},"end":{"line":701,"column":7}},"701":{"start":{"line":702,"column":0},"end":{"line":702,"column":0}},"702":{"start":{"line":703,"column":0},"end":{"line":703,"column":29}},"703":{"start":{"line":704,"column":0},"end":{"line":704,"column":23}},"704":{"start":{"line":705,"column":0},"end":{"line":705,"column":28}},"705":{"start":{"line":706,"column":0},"end":{"line":706,"column":32}},"706":{"start":{"line":707,"column":0},"end":{"line":707,"column":26}},"707":{"start":{"line":708,"column":0},"end":{"line":708,"column":190}},"708":{"start":{"line":709,"column":0},"end":{"line":709,"column":30}},"709":{"start":{"line":710,"column":0},"end":{"line":710,"column":26}},"710":{"start":{"line":711,"column":0},"end":{"line":711,"column":30}},"711":{"start":{"line":712,"column":0},"end":{"line":712,"column":9}},"712":{"start":{"line":713,"column":0},"end":{"line":713,"column":5}},"713":{"start":{"line":714,"column":0},"end":{"line":714,"column":0}},"714":{"start":{"line":715,"column":0},"end":{"line":715,"column":22}},"715":{"start":{"line":716,"column":0},"end":{"line":716,"column":3}},"716":{"start":{"line":717,"column":0},"end":{"line":717,"column":0}},"717":{"start":{"line":718,"column":0},"end":{"line":718,"column":5}},"718":{"start":{"line":719,"column":0},"end":{"line":719,"column":73}},"719":{"start":{"line":720,"column":0},"end":{"line":720,"column":4}},"720":{"start":{"line":721,"column":0},"end":{"line":721,"column":28}},"721":{"start":{"line":722,"column":0},"end":{"line":722,"column":23}},"722":{"start":{"line":723,"column":0},"end":{"line":723,"column":5}},"723":{"start":{"line":724,"column":0},"end":{"line":724,"column":49}},"724":{"start":{"line":725,"column":0},"end":{"line":725,"column":31}},"725":{"start":{"line":726,"column":0},"end":{"line":726,"column":37}},"726":{"start":{"line":727,"column":0},"end":{"line":727,"column":54}},"727":{"start":{"line":728,"column":0},"end":{"line":728,"column":0}},"728":{"start":{"line":729,"column":0},"end":{"line":729,"column":23}},"729":{"start":{"line":730,"column":0},"end":{"line":730,"column":57}},"730":{"start":{"line":731,"column":0},"end":{"line":731,"column":3}},"731":{"start":{"line":732,"column":0},"end":{"line":732,"column":0}},"732":{"start":{"line":733,"column":0},"end":{"line":733,"column":5}},"733":{"start":{"line":734,"column":0},"end":{"line":734,"column":73}},"734":{"start":{"line":735,"column":0},"end":{"line":735,"column":4}},"735":{"start":{"line":736,"column":0},"end":{"line":736,"column":32}},"736":{"start":{"line":737,"column":0},"end":{"line":737,"column":51}},"737":{"start":{"line":738,"column":0},"end":{"line":738,"column":29}},"738":{"start":{"line":739,"column":0},"end":{"line":739,"column":5}},"739":{"start":{"line":740,"column":0},"end":{"line":740,"column":71}},"740":{"start":{"line":741,"column":0},"end":{"line":741,"column":59}},"741":{"start":{"line":742,"column":0},"end":{"line":742,"column":40}},"742":{"start":{"line":743,"column":0},"end":{"line":743,"column":0}},"743":{"start":{"line":744,"column":0},"end":{"line":744,"column":29}},"744":{"start":{"line":745,"column":0},"end":{"line":745,"column":22}},"745":{"start":{"line":746,"column":0},"end":{"line":746,"column":16}},"746":{"start":{"line":747,"column":0},"end":{"line":747,"column":17}},"747":{"start":{"line":748,"column":0},"end":{"line":748,"column":23}},"748":{"start":{"line":749,"column":0},"end":{"line":749,"column":13}},"749":{"start":{"line":750,"column":0},"end":{"line":750,"column":16}},"750":{"start":{"line":751,"column":0},"end":{"line":751,"column":19}},"751":{"start":{"line":752,"column":0},"end":{"line":752,"column":19}},"752":{"start":{"line":753,"column":0},"end":{"line":753,"column":16}},"753":{"start":{"line":754,"column":0},"end":{"line":754,"column":16}},"754":{"start":{"line":755,"column":0},"end":{"line":755,"column":16}},"755":{"start":{"line":756,"column":0},"end":{"line":756,"column":16}},"756":{"start":{"line":757,"column":0},"end":{"line":757,"column":18}},"757":{"start":{"line":758,"column":0},"end":{"line":758,"column":6}},"758":{"start":{"line":759,"column":0},"end":{"line":759,"column":0}},"759":{"start":{"line":760,"column":0},"end":{"line":760,"column":36}},"760":{"start":{"line":761,"column":0},"end":{"line":761,"column":74}},"761":{"start":{"line":762,"column":0},"end":{"line":762,"column":5}},"762":{"start":{"line":763,"column":0},"end":{"line":763,"column":0}},"763":{"start":{"line":764,"column":0},"end":{"line":764,"column":35}},"764":{"start":{"line":765,"column":0},"end":{"line":765,"column":20}},"765":{"start":{"line":766,"column":0},"end":{"line":766,"column":45}},"766":{"start":{"line":767,"column":0},"end":{"line":767,"column":68}},"767":{"start":{"line":768,"column":0},"end":{"line":768,"column":79}},"768":{"start":{"line":769,"column":0},"end":{"line":769,"column":53}},"769":{"start":{"line":770,"column":0},"end":{"line":770,"column":68}},"770":{"start":{"line":771,"column":0},"end":{"line":771,"column":66}},"771":{"start":{"line":772,"column":0},"end":{"line":772,"column":9}},"772":{"start":{"line":773,"column":0},"end":{"line":773,"column":7}},"773":{"start":{"line":774,"column":0},"end":{"line":774,"column":5}},"774":{"start":{"line":775,"column":0},"end":{"line":775,"column":0}},"775":{"start":{"line":776,"column":0},"end":{"line":776,"column":22}},"776":{"start":{"line":777,"column":0},"end":{"line":777,"column":3}},"777":{"start":{"line":778,"column":0},"end":{"line":778,"column":0}},"778":{"start":{"line":779,"column":0},"end":{"line":779,"column":5}},"779":{"start":{"line":780,"column":0},"end":{"line":780,"column":61}},"780":{"start":{"line":781,"column":0},"end":{"line":781,"column":4}},"781":{"start":{"line":782,"column":0},"end":{"line":782,"column":31}},"782":{"start":{"line":783,"column":0},"end":{"line":783,"column":32}},"783":{"start":{"line":784,"column":0},"end":{"line":784,"column":50}},"784":{"start":{"line":785,"column":0},"end":{"line":785,"column":5}},"785":{"start":{"line":786,"column":0},"end":{"line":786,"column":67}},"786":{"start":{"line":787,"column":0},"end":{"line":787,"column":24}},"787":{"start":{"line":788,"column":0},"end":{"line":788,"column":34}},"788":{"start":{"line":789,"column":0},"end":{"line":789,"column":59}},"789":{"start":{"line":790,"column":0},"end":{"line":790,"column":0}},"790":{"start":{"line":791,"column":0},"end":{"line":791,"column":36}},"791":{"start":{"line":792,"column":0},"end":{"line":792,"column":59}},"792":{"start":{"line":793,"column":0},"end":{"line":793,"column":0}},"793":{"start":{"line":794,"column":0},"end":{"line":794,"column":59}},"794":{"start":{"line":795,"column":0},"end":{"line":795,"column":64}},"795":{"start":{"line":796,"column":0},"end":{"line":796,"column":83}},"796":{"start":{"line":797,"column":0},"end":{"line":797,"column":0}},"797":{"start":{"line":798,"column":0},"end":{"line":798,"column":38}},"798":{"start":{"line":799,"column":0},"end":{"line":799,"column":3}},"799":{"start":{"line":800,"column":0},"end":{"line":800,"column":0}},"800":{"start":{"line":801,"column":0},"end":{"line":801,"column":5}},"801":{"start":{"line":802,"column":0},"end":{"line":802,"column":51}},"802":{"start":{"line":803,"column":0},"end":{"line":803,"column":4}},"803":{"start":{"line":804,"column":0},"end":{"line":804,"column":31}},"804":{"start":{"line":805,"column":0},"end":{"line":805,"column":32}},"805":{"start":{"line":806,"column":0},"end":{"line":806,"column":35}},"806":{"start":{"line":807,"column":0},"end":{"line":807,"column":5}},"807":{"start":{"line":808,"column":0},"end":{"line":808,"column":62}},"808":{"start":{"line":809,"column":0},"end":{"line":809,"column":29}},"809":{"start":{"line":810,"column":0},"end":{"line":810,"column":29}},"810":{"start":{"line":811,"column":0},"end":{"line":811,"column":0}},"811":{"start":{"line":812,"column":0},"end":{"line":812,"column":55}},"812":{"start":{"line":813,"column":0},"end":{"line":813,"column":67}},"813":{"start":{"line":814,"column":0},"end":{"line":814,"column":0}},"814":{"start":{"line":815,"column":0},"end":{"line":815,"column":52}},"815":{"start":{"line":816,"column":0},"end":{"line":816,"column":52}},"816":{"start":{"line":817,"column":0},"end":{"line":817,"column":0}},"817":{"start":{"line":818,"column":0},"end":{"line":818,"column":20}},"818":{"start":{"line":819,"column":0},"end":{"line":819,"column":27}},"819":{"start":{"line":820,"column":0},"end":{"line":820,"column":0}},"820":{"start":{"line":821,"column":0},"end":{"line":821,"column":23}},"821":{"start":{"line":822,"column":0},"end":{"line":822,"column":36}},"822":{"start":{"line":823,"column":0},"end":{"line":823,"column":51}},"823":{"start":{"line":824,"column":0},"end":{"line":824,"column":56}},"824":{"start":{"line":825,"column":0},"end":{"line":825,"column":0}},"825":{"start":{"line":826,"column":0},"end":{"line":826,"column":41}},"826":{"start":{"line":827,"column":0},"end":{"line":827,"column":60}},"827":{"start":{"line":828,"column":0},"end":{"line":828,"column":30}},"828":{"start":{"line":829,"column":0},"end":{"line":829,"column":30}},"829":{"start":{"line":830,"column":0},"end":{"line":830,"column":18}},"830":{"start":{"line":831,"column":0},"end":{"line":831,"column":14}},"831":{"start":{"line":832,"column":0},"end":{"line":832,"column":7}},"832":{"start":{"line":833,"column":0},"end":{"line":833,"column":5}},"833":{"start":{"line":834,"column":0},"end":{"line":834,"column":0}},"834":{"start":{"line":835,"column":0},"end":{"line":835,"column":34}},"835":{"start":{"line":836,"column":0},"end":{"line":836,"column":0}},"836":{"start":{"line":837,"column":0},"end":{"line":837,"column":27}},"837":{"start":{"line":838,"column":0},"end":{"line":838,"column":14}},"838":{"start":{"line":839,"column":0},"end":{"line":839,"column":36}},"839":{"start":{"line":840,"column":0},"end":{"line":840,"column":36}},"840":{"start":{"line":841,"column":0},"end":{"line":841,"column":34}},"841":{"start":{"line":842,"column":0},"end":{"line":842,"column":48}},"842":{"start":{"line":843,"column":0},"end":{"line":843,"column":10}},"843":{"start":{"line":844,"column":0},"end":{"line":844,"column":5}},"844":{"start":{"line":845,"column":0},"end":{"line":845,"column":0}},"845":{"start":{"line":846,"column":0},"end":{"line":846,"column":12}},"846":{"start":{"line":847,"column":0},"end":{"line":847,"column":88}},"847":{"start":{"line":848,"column":0},"end":{"line":848,"column":6}},"848":{"start":{"line":849,"column":0},"end":{"line":849,"column":3}},"849":{"start":{"line":850,"column":0},"end":{"line":850,"column":0}},"850":{"start":{"line":851,"column":0},"end":{"line":851,"column":5}},"851":{"start":{"line":852,"column":0},"end":{"line":852,"column":63}},"852":{"start":{"line":853,"column":0},"end":{"line":853,"column":4}},"853":{"start":{"line":854,"column":0},"end":{"line":854,"column":31}},"854":{"start":{"line":855,"column":0},"end":{"line":855,"column":32}},"855":{"start":{"line":856,"column":0},"end":{"line":856,"column":57}},"856":{"start":{"line":857,"column":0},"end":{"line":857,"column":37}},"857":{"start":{"line":858,"column":0},"end":{"line":858,"column":5}},"858":{"start":{"line":859,"column":0},"end":{"line":859,"column":85}},"859":{"start":{"line":860,"column":0},"end":{"line":860,"column":25}},"860":{"start":{"line":861,"column":0},"end":{"line":861,"column":68}},"861":{"start":{"line":862,"column":0},"end":{"line":862,"column":0}},"862":{"start":{"line":863,"column":0},"end":{"line":863,"column":41}},"863":{"start":{"line":864,"column":0},"end":{"line":864,"column":32}},"864":{"start":{"line":865,"column":0},"end":{"line":865,"column":23}},"865":{"start":{"line":866,"column":0},"end":{"line":866,"column":14}},"866":{"start":{"line":867,"column":0},"end":{"line":867,"column":14}},"867":{"start":{"line":868,"column":0},"end":{"line":868,"column":7}},"868":{"start":{"line":869,"column":0},"end":{"line":869,"column":5}},"869":{"start":{"line":870,"column":0},"end":{"line":870,"column":0}},"870":{"start":{"line":871,"column":0},"end":{"line":871,"column":24}},"871":{"start":{"line":872,"column":0},"end":{"line":872,"column":3}},"872":{"start":{"line":873,"column":0},"end":{"line":873,"column":0}},"873":{"start":{"line":874,"column":0},"end":{"line":874,"column":5}},"874":{"start":{"line":875,"column":0},"end":{"line":875,"column":80}},"875":{"start":{"line":876,"column":0},"end":{"line":876,"column":4}},"876":{"start":{"line":877,"column":0},"end":{"line":877,"column":45}},"877":{"start":{"line":878,"column":0},"end":{"line":878,"column":74}},"878":{"start":{"line":879,"column":0},"end":{"line":879,"column":59}},"879":{"start":{"line":880,"column":0},"end":{"line":880,"column":5}},"880":{"start":{"line":881,"column":0},"end":{"line":881,"column":77}},"881":{"start":{"line":882,"column":0},"end":{"line":882,"column":29}},"882":{"start":{"line":883,"column":0},"end":{"line":883,"column":36}},"883":{"start":{"line":884,"column":0},"end":{"line":884,"column":5}},"884":{"start":{"line":885,"column":0},"end":{"line":885,"column":34}},"885":{"start":{"line":886,"column":0},"end":{"line":886,"column":43}},"886":{"start":{"line":887,"column":0},"end":{"line":887,"column":5}},"887":{"start":{"line":888,"column":0},"end":{"line":888,"column":35}},"888":{"start":{"line":889,"column":0},"end":{"line":889,"column":3}},"889":{"start":{"line":890,"column":0},"end":{"line":890,"column":0}},"890":{"start":{"line":891,"column":0},"end":{"line":891,"column":5}},"891":{"start":{"line":892,"column":0},"end":{"line":892,"column":31}},"892":{"start":{"line":893,"column":0},"end":{"line":893,"column":4}},"893":{"start":{"line":894,"column":0},"end":{"line":894,"column":34}},"894":{"start":{"line":895,"column":0},"end":{"line":895,"column":33}},"895":{"start":{"line":896,"column":0},"end":{"line":896,"column":38}},"896":{"start":{"line":897,"column":0},"end":{"line":897,"column":65}},"897":{"start":{"line":898,"column":0},"end":{"line":898,"column":5}},"898":{"start":{"line":899,"column":0},"end":{"line":899,"column":33}},"899":{"start":{"line":900,"column":0},"end":{"line":900,"column":31}},"900":{"start":{"line":901,"column":0},"end":{"line":901,"column":23}},"901":{"start":{"line":902,"column":0},"end":{"line":902,"column":23}},"902":{"start":{"line":903,"column":0},"end":{"line":903,"column":45}},"903":{"start":{"line":904,"column":0},"end":{"line":904,"column":57}},"904":{"start":{"line":905,"column":0},"end":{"line":905,"column":56}},"905":{"start":{"line":906,"column":0},"end":{"line":906,"column":38}},"906":{"start":{"line":907,"column":0},"end":{"line":907,"column":0}},"907":{"start":{"line":908,"column":0},"end":{"line":908,"column":37}},"908":{"start":{"line":909,"column":0},"end":{"line":909,"column":53}},"909":{"start":{"line":910,"column":0},"end":{"line":910,"column":50}},"910":{"start":{"line":911,"column":0},"end":{"line":911,"column":6}},"911":{"start":{"line":912,"column":0},"end":{"line":912,"column":0}},"912":{"start":{"line":913,"column":0},"end":{"line":913,"column":42}},"913":{"start":{"line":914,"column":0},"end":{"line":914,"column":11}},"914":{"start":{"line":915,"column":0},"end":{"line":915,"column":61}},"915":{"start":{"line":916,"column":0},"end":{"line":916,"column":61}},"916":{"start":{"line":917,"column":0},"end":{"line":917,"column":49}},"917":{"start":{"line":918,"column":0},"end":{"line":918,"column":0}},"918":{"start":{"line":919,"column":0},"end":{"line":919,"column":37}},"919":{"start":{"line":920,"column":0},"end":{"line":920,"column":27}},"920":{"start":{"line":921,"column":0},"end":{"line":921,"column":32}},"921":{"start":{"line":922,"column":0},"end":{"line":922,"column":36}},"922":{"start":{"line":923,"column":0},"end":{"line":923,"column":30}},"923":{"start":{"line":924,"column":0},"end":{"line":924,"column":153}},"924":{"start":{"line":925,"column":0},"end":{"line":925,"column":34}},"925":{"start":{"line":926,"column":0},"end":{"line":926,"column":30}},"926":{"start":{"line":927,"column":0},"end":{"line":927,"column":34}},"927":{"start":{"line":928,"column":0},"end":{"line":928,"column":13}},"928":{"start":{"line":929,"column":0},"end":{"line":929,"column":9}},"929":{"start":{"line":930,"column":0},"end":{"line":930,"column":23}},"930":{"start":{"line":931,"column":0},"end":{"line":931,"column":52}},"931":{"start":{"line":932,"column":0},"end":{"line":932,"column":7}},"932":{"start":{"line":933,"column":0},"end":{"line":933,"column":5}},"933":{"start":{"line":934,"column":0},"end":{"line":934,"column":0}},"934":{"start":{"line":935,"column":0},"end":{"line":935,"column":22}},"935":{"start":{"line":936,"column":0},"end":{"line":936,"column":3}},"936":{"start":{"line":937,"column":0},"end":{"line":937,"column":0}},"937":{"start":{"line":938,"column":0},"end":{"line":938,"column":5}},"938":{"start":{"line":939,"column":0},"end":{"line":939,"column":28}},"939":{"start":{"line":940,"column":0},"end":{"line":940,"column":4}},"940":{"start":{"line":941,"column":0},"end":{"line":941,"column":34}},"941":{"start":{"line":942,"column":0},"end":{"line":942,"column":37}},"942":{"start":{"line":943,"column":0},"end":{"line":943,"column":38}},"943":{"start":{"line":944,"column":0},"end":{"line":944,"column":56}},"944":{"start":{"line":945,"column":0},"end":{"line":945,"column":5}},"945":{"start":{"line":946,"column":0},"end":{"line":946,"column":37}},"946":{"start":{"line":947,"column":0},"end":{"line":947,"column":31}},"947":{"start":{"line":948,"column":0},"end":{"line":948,"column":27}},"948":{"start":{"line":949,"column":0},"end":{"line":949,"column":23}},"949":{"start":{"line":950,"column":0},"end":{"line":950,"column":45}},"950":{"start":{"line":951,"column":0},"end":{"line":951,"column":57}},"951":{"start":{"line":952,"column":0},"end":{"line":952,"column":56}},"952":{"start":{"line":953,"column":0},"end":{"line":953,"column":38}},"953":{"start":{"line":954,"column":0},"end":{"line":954,"column":0}},"954":{"start":{"line":955,"column":0},"end":{"line":955,"column":42}},"955":{"start":{"line":956,"column":0},"end":{"line":956,"column":53}},"956":{"start":{"line":957,"column":0},"end":{"line":957,"column":51}},"957":{"start":{"line":958,"column":0},"end":{"line":958,"column":6}},"958":{"start":{"line":959,"column":0},"end":{"line":959,"column":0}},"959":{"start":{"line":960,"column":0},"end":{"line":960,"column":42}},"960":{"start":{"line":961,"column":0},"end":{"line":961,"column":42}},"961":{"start":{"line":962,"column":0},"end":{"line":962,"column":28}},"962":{"start":{"line":963,"column":0},"end":{"line":963,"column":49}},"963":{"start":{"line":964,"column":0},"end":{"line":964,"column":49}},"964":{"start":{"line":965,"column":0},"end":{"line":965,"column":77}},"965":{"start":{"line":966,"column":0},"end":{"line":966,"column":77}},"966":{"start":{"line":967,"column":0},"end":{"line":967,"column":8}},"967":{"start":{"line":968,"column":0},"end":{"line":968,"column":0}},"968":{"start":{"line":969,"column":0},"end":{"line":969,"column":26}},"969":{"start":{"line":970,"column":0},"end":{"line":970,"column":44}},"970":{"start":{"line":971,"column":0},"end":{"line":971,"column":13}},"971":{"start":{"line":972,"column":0},"end":{"line":972,"column":60}},"972":{"start":{"line":973,"column":0},"end":{"line":973,"column":36}},"973":{"start":{"line":974,"column":0},"end":{"line":974,"column":25}},"974":{"start":{"line":975,"column":0},"end":{"line":975,"column":16}},"975":{"start":{"line":976,"column":0},"end":{"line":976,"column":17}},"976":{"start":{"line":977,"column":0},"end":{"line":977,"column":55}},"977":{"start":{"line":978,"column":0},"end":{"line":978,"column":9}},"978":{"start":{"line":979,"column":0},"end":{"line":979,"column":7}},"979":{"start":{"line":980,"column":0},"end":{"line":980,"column":0}},"980":{"start":{"line":981,"column":0},"end":{"line":981,"column":21}},"981":{"start":{"line":982,"column":0},"end":{"line":982,"column":25}},"982":{"start":{"line":983,"column":0},"end":{"line":983,"column":30}},"983":{"start":{"line":984,"column":0},"end":{"line":984,"column":34}},"984":{"start":{"line":985,"column":0},"end":{"line":985,"column":28}},"985":{"start":{"line":986,"column":0},"end":{"line":986,"column":124}},"986":{"start":{"line":987,"column":0},"end":{"line":987,"column":32}},"987":{"start":{"line":988,"column":0},"end":{"line":988,"column":28}},"988":{"start":{"line":989,"column":0},"end":{"line":989,"column":32}},"989":{"start":{"line":990,"column":0},"end":{"line":990,"column":11}},"990":{"start":{"line":991,"column":0},"end":{"line":991,"column":7}},"991":{"start":{"line":992,"column":0},"end":{"line":992,"column":5}},"992":{"start":{"line":993,"column":0},"end":{"line":993,"column":0}},"993":{"start":{"line":994,"column":0},"end":{"line":994,"column":22}},"994":{"start":{"line":995,"column":0},"end":{"line":995,"column":3}},"995":{"start":{"line":996,"column":0},"end":{"line":996,"column":0}},"996":{"start":{"line":997,"column":0},"end":{"line":997,"column":5}},"997":{"start":{"line":998,"column":0},"end":{"line":998,"column":41}},"998":{"start":{"line":999,"column":0},"end":{"line":999,"column":4}},"999":{"start":{"line":1000,"column":0},"end":{"line":1000,"column":34}},"1000":{"start":{"line":1001,"column":0},"end":{"line":1001,"column":42}},"1001":{"start":{"line":1002,"column":0},"end":{"line":1002,"column":38}},"1002":{"start":{"line":1003,"column":0},"end":{"line":1003,"column":62}},"1003":{"start":{"line":1004,"column":0},"end":{"line":1004,"column":5}},"1004":{"start":{"line":1005,"column":0},"end":{"line":1005,"column":42}},"1005":{"start":{"line":1006,"column":0},"end":{"line":1006,"column":31}},"1006":{"start":{"line":1007,"column":0},"end":{"line":1007,"column":32}},"1007":{"start":{"line":1008,"column":0},"end":{"line":1008,"column":23}},"1008":{"start":{"line":1009,"column":0},"end":{"line":1009,"column":45}},"1009":{"start":{"line":1010,"column":0},"end":{"line":1010,"column":57}},"1010":{"start":{"line":1011,"column":0},"end":{"line":1011,"column":56}},"1011":{"start":{"line":1012,"column":0},"end":{"line":1012,"column":38}},"1012":{"start":{"line":1013,"column":0},"end":{"line":1013,"column":0}},"1013":{"start":{"line":1014,"column":0},"end":{"line":1014,"column":42}},"1014":{"start":{"line":1015,"column":0},"end":{"line":1015,"column":53}},"1015":{"start":{"line":1016,"column":0},"end":{"line":1016,"column":51}},"1016":{"start":{"line":1017,"column":0},"end":{"line":1017,"column":6}},"1017":{"start":{"line":1018,"column":0},"end":{"line":1018,"column":0}},"1018":{"start":{"line":1019,"column":0},"end":{"line":1019,"column":42}},"1019":{"start":{"line":1020,"column":0},"end":{"line":1020,"column":11}},"1020":{"start":{"line":1021,"column":0},"end":{"line":1021,"column":61}},"1021":{"start":{"line":1022,"column":0},"end":{"line":1022,"column":61}},"1022":{"start":{"line":1023,"column":0},"end":{"line":1023,"column":0}},"1023":{"start":{"line":1024,"column":0},"end":{"line":1024,"column":56}},"1024":{"start":{"line":1025,"column":0},"end":{"line":1025,"column":42}},"1025":{"start":{"line":1026,"column":0},"end":{"line":1026,"column":29}},"1026":{"start":{"line":1027,"column":0},"end":{"line":1027,"column":34}},"1027":{"start":{"line":1028,"column":0},"end":{"line":1028,"column":38}},"1028":{"start":{"line":1029,"column":0},"end":{"line":1029,"column":32}},"1029":{"start":{"line":1030,"column":0},"end":{"line":1030,"column":137}},"1030":{"start":{"line":1031,"column":0},"end":{"line":1031,"column":36}},"1031":{"start":{"line":1032,"column":0},"end":{"line":1032,"column":32}},"1032":{"start":{"line":1033,"column":0},"end":{"line":1033,"column":36}},"1033":{"start":{"line":1034,"column":0},"end":{"line":1034,"column":15}},"1034":{"start":{"line":1035,"column":0},"end":{"line":1035,"column":47}},"1035":{"start":{"line":1036,"column":0},"end":{"line":1036,"column":11}},"1036":{"start":{"line":1037,"column":0},"end":{"line":1037,"column":9}},"1037":{"start":{"line":1038,"column":0},"end":{"line":1038,"column":23}},"1038":{"start":{"line":1039,"column":0},"end":{"line":1039,"column":52}},"1039":{"start":{"line":1040,"column":0},"end":{"line":1040,"column":7}},"1040":{"start":{"line":1041,"column":0},"end":{"line":1041,"column":5}},"1041":{"start":{"line":1042,"column":0},"end":{"line":1042,"column":0}},"1042":{"start":{"line":1043,"column":0},"end":{"line":1043,"column":22}},"1043":{"start":{"line":1044,"column":0},"end":{"line":1044,"column":3}},"1044":{"start":{"line":1045,"column":0},"end":{"line":1045,"column":0}},"1045":{"start":{"line":1046,"column":0},"end":{"line":1046,"column":5}},"1046":{"start":{"line":1047,"column":0},"end":{"line":1047,"column":43}},"1047":{"start":{"line":1048,"column":0},"end":{"line":1048,"column":4}},"1048":{"start":{"line":1049,"column":0},"end":{"line":1049,"column":42}},"1049":{"start":{"line":1050,"column":0},"end":{"line":1050,"column":38}},"1050":{"start":{"line":1051,"column":0},"end":{"line":1051,"column":57}},"1051":{"start":{"line":1052,"column":0},"end":{"line":1052,"column":5}},"1052":{"start":{"line":1053,"column":0},"end":{"line":1053,"column":42}},"1053":{"start":{"line":1054,"column":0},"end":{"line":1054,"column":32}},"1054":{"start":{"line":1055,"column":0},"end":{"line":1055,"column":23}},"1055":{"start":{"line":1056,"column":0},"end":{"line":1056,"column":45}},"1056":{"start":{"line":1057,"column":0},"end":{"line":1057,"column":57}},"1057":{"start":{"line":1058,"column":0},"end":{"line":1058,"column":56}},"1058":{"start":{"line":1059,"column":0},"end":{"line":1059,"column":38}},"1059":{"start":{"line":1060,"column":0},"end":{"line":1060,"column":0}},"1060":{"start":{"line":1061,"column":0},"end":{"line":1061,"column":58}},"1061":{"start":{"line":1062,"column":0},"end":{"line":1062,"column":11}},"1062":{"start":{"line":1063,"column":0},"end":{"line":1063,"column":60}},"1063":{"start":{"line":1064,"column":0},"end":{"line":1064,"column":45}},"1064":{"start":{"line":1065,"column":0},"end":{"line":1065,"column":35}},"1065":{"start":{"line":1066,"column":0},"end":{"line":1066,"column":27}},"1066":{"start":{"line":1067,"column":0},"end":{"line":1067,"column":32}},"1067":{"start":{"line":1068,"column":0},"end":{"line":1068,"column":36}},"1068":{"start":{"line":1069,"column":0},"end":{"line":1069,"column":30}},"1069":{"start":{"line":1070,"column":0},"end":{"line":1070,"column":131}},"1070":{"start":{"line":1071,"column":0},"end":{"line":1071,"column":32}},"1071":{"start":{"line":1072,"column":0},"end":{"line":1072,"column":30}},"1072":{"start":{"line":1073,"column":0},"end":{"line":1073,"column":34}},"1073":{"start":{"line":1074,"column":0},"end":{"line":1074,"column":13}},"1074":{"start":{"line":1075,"column":0},"end":{"line":1075,"column":9}},"1075":{"start":{"line":1076,"column":0},"end":{"line":1076,"column":15}},"1076":{"start":{"line":1077,"column":0},"end":{"line":1077,"column":25}},"1077":{"start":{"line":1078,"column":0},"end":{"line":1078,"column":30}},"1078":{"start":{"line":1079,"column":0},"end":{"line":1079,"column":34}},"1079":{"start":{"line":1080,"column":0},"end":{"line":1080,"column":28}},"1080":{"start":{"line":1081,"column":0},"end":{"line":1081,"column":129}},"1081":{"start":{"line":1082,"column":0},"end":{"line":1082,"column":30}},"1082":{"start":{"line":1083,"column":0},"end":{"line":1083,"column":28}},"1083":{"start":{"line":1084,"column":0},"end":{"line":1084,"column":32}},"1084":{"start":{"line":1085,"column":0},"end":{"line":1085,"column":11}},"1085":{"start":{"line":1086,"column":0},"end":{"line":1086,"column":7}},"1086":{"start":{"line":1087,"column":0},"end":{"line":1087,"column":5}},"1087":{"start":{"line":1088,"column":0},"end":{"line":1088,"column":0}},"1088":{"start":{"line":1089,"column":0},"end":{"line":1089,"column":22}},"1089":{"start":{"line":1090,"column":0},"end":{"line":1090,"column":3}},"1090":{"start":{"line":1091,"column":0},"end":{"line":1091,"column":0}},"1091":{"start":{"line":1092,"column":0},"end":{"line":1092,"column":5}},"1092":{"start":{"line":1093,"column":0},"end":{"line":1093,"column":41}},"1093":{"start":{"line":1094,"column":0},"end":{"line":1094,"column":4}},"1094":{"start":{"line":1095,"column":0},"end":{"line":1095,"column":34}},"1095":{"start":{"line":1096,"column":0},"end":{"line":1096,"column":46}},"1096":{"start":{"line":1097,"column":0},"end":{"line":1097,"column":38}},"1097":{"start":{"line":1098,"column":0},"end":{"line":1098,"column":59}},"1098":{"start":{"line":1099,"column":0},"end":{"line":1099,"column":5}},"1099":{"start":{"line":1100,"column":0},"end":{"line":1100,"column":38}},"1100":{"start":{"line":1101,"column":0},"end":{"line":1101,"column":31}},"1101":{"start":{"line":1102,"column":0},"end":{"line":1102,"column":36}},"1102":{"start":{"line":1103,"column":0},"end":{"line":1103,"column":23}},"1103":{"start":{"line":1104,"column":0},"end":{"line":1104,"column":45}},"1104":{"start":{"line":1105,"column":0},"end":{"line":1105,"column":57}},"1105":{"start":{"line":1106,"column":0},"end":{"line":1106,"column":56}},"1106":{"start":{"line":1107,"column":0},"end":{"line":1107,"column":38}},"1107":{"start":{"line":1108,"column":0},"end":{"line":1108,"column":0}},"1108":{"start":{"line":1109,"column":0},"end":{"line":1109,"column":37}},"1109":{"start":{"line":1110,"column":0},"end":{"line":1110,"column":53}},"1110":{"start":{"line":1111,"column":0},"end":{"line":1111,"column":50}},"1111":{"start":{"line":1112,"column":0},"end":{"line":1112,"column":6}},"1112":{"start":{"line":1113,"column":0},"end":{"line":1113,"column":0}},"1113":{"start":{"line":1114,"column":0},"end":{"line":1114,"column":42}},"1114":{"start":{"line":1115,"column":0},"end":{"line":1115,"column":11}},"1115":{"start":{"line":1116,"column":0},"end":{"line":1116,"column":61}},"1116":{"start":{"line":1117,"column":0},"end":{"line":1117,"column":61}},"1117":{"start":{"line":1118,"column":0},"end":{"line":1118,"column":49}},"1118":{"start":{"line":1119,"column":0},"end":{"line":1119,"column":0}},"1119":{"start":{"line":1120,"column":0},"end":{"line":1120,"column":38}},"1120":{"start":{"line":1121,"column":0},"end":{"line":1121,"column":28}},"1121":{"start":{"line":1122,"column":0},"end":{"line":1122,"column":64}},"1122":{"start":{"line":1123,"column":0},"end":{"line":1123,"column":29}},"1123":{"start":{"line":1124,"column":0},"end":{"line":1124,"column":34}},"1124":{"start":{"line":1125,"column":0},"end":{"line":1125,"column":38}},"1125":{"start":{"line":1126,"column":0},"end":{"line":1126,"column":32}},"1126":{"start":{"line":1127,"column":0},"end":{"line":1127,"column":140}},"1127":{"start":{"line":1128,"col
[...]
4":{"start":{"line":105,"column":0},"end":{"line":105,"column":35}},"105":{"start":{"line":106,"column":0},"end":{"line":106,"column":68}},"106":{"start":{"line":107,"column":0},"end":{"line":107,"column":72}},"107":{"start":{"line":108,"column":0},"end":{"line":108,"column":66}},"108":{"start":{"line":109,"column":0},"end":{"line":109,"column":0}},"109":{"start":{"line":110,"column":0},"end":{"line":110,"column":21}},"110":{"start":{"line":111,"column":0},"end":{"line":111,"column":28}},"111":{"start":{"line":112,"column":0},"end":{"line":112,"column":51}},"112":{"start":{"line":113,"column":0},"end":{"line":113,"column":44}},"113":{"start":{"line":114,"column":0},"end":{"line":114,"column":52}},"114":{"start":{"line":115,"column":0},"end":{"line":115,"column":9}},"115":{"start":{"line":116,"column":0},"end":{"line":116,"column":22}},"116":{"start":{"line":117,"column":0},"end":{"line":117,"column":5}},"117":{"start":{"line":118,"column":0},"end":{"line":118,"column":0}},"118":{"start":{"line":119,"column":0},"end":{"line":119,"column":23}},"119":{"start":{"line":120,"column":0},"end":{"line":120,"column":30}},"120":{"start":{"line":121,"column":0},"end":{"line":121,"column":55}},"121":{"start":{"line":122,"column":0},"end":{"line":122,"column":46}},"122":{"start":{"line":123,"column":0},"end":{"line":123,"column":52}},"123":{"start":{"line":124,"column":0},"end":{"line":124,"column":9}},"124":{"start":{"line":125,"column":0},"end":{"line":125,"column":22}},"125":{"start":{"line":126,"column":0},"end":{"line":126,"column":5}},"126":{"start":{"line":127,"column":0},"end":{"line":127,"column":0}},"127":{"start":{"line":128,"column":0},"end":{"line":128,"column":20}},"128":{"start":{"line":129,"column":0},"end":{"line":129,"column":27}},"129":{"start":{"line":130,"column":0},"end":{"line":130,"column":48}},"130":{"start":{"line":131,"column":0},"end":{"line":131,"column":43}},"131":{"start":{"line":132,"column":0},"end":{"line":132,"column":52}},"132":{"start":{"line":133,"column":0},"end":{"line":133,"column":9}},"133":{"start":{"line":134,"column":0},"end":{"line":134,"column":22}},"134":{"start":{"line":135,"column":0},"end":{"line":135,"column":5}},"135":{"start":{"line":136,"column":0},"end":{"line":136,"column":0}},"136":{"start":{"line":137,"column":0},"end":{"line":137,"column":14}},"137":{"start":{"line":138,"column":0},"end":{"line":138,"column":32}},"138":{"start":{"line":139,"column":0},"end":{"line":139,"column":103}},"139":{"start":{"line":140,"column":0},"end":{"line":140,"column":20}},"140":{"start":{"line":141,"column":0},"end":{"line":141,"column":47}},"141":{"start":{"line":142,"column":0},"end":{"line":142,"column":3}},"142":{"start":{"line":143,"column":0},"end":{"line":143,"column":0}},"143":{"start":{"line":144,"column":0},"end":{"line":144,"column":5}},"144":{"start":{"line":145,"column":0},"end":{"line":145,"column":33}},"145":{"start":{"line":146,"column":0},"end":{"line":146,"column":4}},"146":{"start":{"line":147,"column":0},"end":{"line":147,"column":53}},"147":{"start":{"line":148,"column":0},"end":{"line":148,"column":63}},"148":{"start":{"line":149,"column":0},"end":{"line":149,"column":5}},"149":{"start":{"line":150,"column":0},"end":{"line":150,"column":94}},"150":{"start":{"line":151,"column":0},"end":{"line":151,"column":42}},"151":{"start":{"line":152,"column":0},"end":{"line":152,"column":32}},"152":{"start":{"line":153,"column":0},"end":{"line":153,"column":0}},"153":{"start":{"line":154,"column":0},"end":{"line":154,"column":22}},"154":{"start":{"line":155,"column":0},"end":{"line":155,"column":36}},"155":{"start":{"line":156,"column":0},"end":{"line":156,"column":24}},"156":{"start":{"line":157,"column":0},"end":{"line":157,"column":44}},"157":{"start":{"line":158,"column":0},"end":{"line":158,"column":0}},"158":{"start":{"line":159,"column":0},"end":{"line":159,"column":49}},"159":{"start":{"line":160,"column":0},"end":{"line":160,"column":0}},"160":{"start":{"line":161,"column":0},"end":{"line":161,"column":34}},"161":{"start":{"line":162,"column":0},"end":{"line":162,"column":48}},"162":{"start":{"line":163,"column":0},"end":{"line":163,"column":29}},"163":{"start":{"line":164,"column":0},"end":{"line":164,"column":51}},"164":{"start":{"line":165,"column":0},"end":{"line":165,"column":43}},"165":{"start":{"line":166,"column":0},"end":{"line":166,"column":7}},"166":{"start":{"line":167,"column":0},"end":{"line":167,"column":0}},"167":{"start":{"line":168,"column":0},"end":{"line":168,"column":29}},"168":{"start":{"line":169,"column":0},"end":{"line":169,"column":59}},"169":{"start":{"line":170,"column":0},"end":{"line":170,"column":63}},"170":{"start":{"line":171,"column":0},"end":{"line":171,"column":0}},"171":{"start":{"line":172,"column":0},"end":{"line":172,"column":39}},"172":{"start":{"line":173,"column":0},"end":{"line":173,"column":57}},"173":{"start":{"line":174,"column":0},"end":{"line":174,"column":36}},"174":{"start":{"line":175,"column":0},"end":{"line":175,"column":21}},"175":{"start":{"line":176,"column":0},"end":{"line":176,"column":0}},"176":{"start":{"line":177,"column":0},"end":{"line":177,"column":35}},"177":{"start":{"line":178,"column":0},"end":{"line":178,"column":46}},"178":{"start":{"line":179,"column":0},"end":{"line":179,"column":52}},"179":{"start":{"line":180,"column":0},"end":{"line":180,"column":85}},"180":{"start":{"line":181,"column":0},"end":{"line":181,"column":11}},"181":{"start":{"line":182,"column":0},"end":{"line":182,"column":7}},"182":{"start":{"line":183,"column":0},"end":{"line":183,"column":5}},"183":{"start":{"line":184,"column":0},"end":{"line":184,"column":0}},"184":{"start":{"line":185,"column":0},"end":{"line":185,"column":32}},"185":{"start":{"line":186,"column":0},"end":{"line":186,"column":3}},"186":{"start":{"line":187,"column":0},"end":{"line":187,"column":0}},"187":{"start":{"line":188,"column":0},"end":{"line":188,"column":5}},"188":{"start":{"line":189,"column":0},"end":{"line":189,"column":32}},"189":{"start":{"line":190,"column":0},"end":{"line":190,"column":4}},"190":{"start":{"line":191,"column":0},"end":{"line":191,"column":48}},"191":{"start":{"line":192,"column":0},"end":{"line":192,"column":40}},"192":{"start":{"line":193,"column":0},"end":{"line":193,"column":5}},"193":{"start":{"line":194,"column":0},"end":{"line":194,"column":89}},"194":{"start":{"line":195,"column":0},"end":{"line":195,"column":55}},"195":{"start":{"line":196,"column":0},"end":{"line":196,"column":48}},"196":{"start":{"line":197,"column":0},"end":{"line":197,"column":49}},"197":{"start":{"line":198,"column":0},"end":{"line":198,"column":70}},"198":{"start":{"line":199,"column":0},"end":{"line":199,"column":5}},"199":{"start":{"line":200,"column":0},"end":{"line":200,"column":31}},"200":{"start":{"line":201,"column":0},"end":{"line":201,"column":62}},"201":{"start":{"line":202,"column":0},"end":{"line":202,"column":5}},"202":{"start":{"line":203,"column":0},"end":{"line":203,"column":45}},"203":{"start":{"line":204,"column":0},"end":{"line":204,"column":20}},"204":{"start":{"line":205,"column":0},"end":{"line":205,"column":3}},"205":{"start":{"line":206,"column":0},"end":{"line":206,"column":0}},"206":{"start":{"line":207,"column":0},"end":{"line":207,"column":5}},"207":{"start":{"line":208,"column":0},"end":{"line":208,"column":30}},"208":{"start":{"line":209,"column":0},"end":{"line":209,"column":4}},"209":{"start":{"line":210,"column":0},"end":{"line":210,"column":43}},"210":{"start":{"line":211,"column":0},"end":{"line":211,"column":64}},"211":{"start":{"line":212,"column":0},"end":{"line":212,"column":5}},"212":{"start":{"line":213,"column":0},"end":{"line":213,"column":71}},"213":{"start":{"line":214,"column":0},"end":{"line":214,"column":22}},"214":{"start":{"line":215,"column":0},"end":{"line":215,"column":46}},"215":{"start":{"line":216,"column":0},"end":{"line":216,"column":22}},"216":{"start":{"line":217,"column":0},"end":{"line":217,"column":0}},"217":{"start":{"line":218,"column":0},"end":{"line":218,"column":33}},"218":{"start":{"line":219,"column":0},"end":{"line":219,"column":42}},"219":{"start":{"line":220,"column":0},"end":{"line":220,"column":45}},"220":{"start":{"line":221,"column":0},"end":{"line":221,"column":26}},"221":{"start":{"line":222,"column":0},"end":{"line":222,"column":38}},"222":{"start":{"line":223,"column":0},"end":{"line":223,"column":35}},"223":{"start":{"line":224,"column":0},"end":{"line":224,"column":7}},"224":{"start":{"line":225,"column":0},"end":{"line":225,"column":12}},"225":{"start":{"line":226,"column":0},"end":{"line":226,"column":51}},"226":{"start":{"line":227,"column":0},"end":{"line":227,"column":5}},"227":{"start":{"line":228,"column":0},"end":{"line":228,"column":0}},"228":{"start":{"line":229,"column":0},"end":{"line":229,"column":22}},"229":{"start":{"line":230,"column":0},"end":{"line":230,"column":3}},"230":{"start":{"line":231,"column":0},"end":{"line":231,"column":1}}},"s":{"0":1,"1":1,"2":1,"3":1,"4":1,"5":1,"6":1,"7":1,"8":1,"9":1,"10":1,"11":1,"12":1,"13":1,"14":1,"15":1,"16":1,"17":1,"18":1,"19":1,"20":1,"21":1,"22":1,"23":1,"24":1,"25":1,"26":1,"27":1,"28":1,"29":1,"30":1,"31":1,"32":1,"33":15,"34":15,"35":15,"36":15,"37":15,"38":15,"39":1,"40":1,"41":1,"42":15,"43":15,"44":15,"45":15,"46":15,"47":15,"48":15,"49":15,"50":15,"51":15,"52":15,"53":15,"54":12,"55":12,"56":12,"57":12,"58":12,"59":12,"60":12,"61":12,"62":15,"63":15,"64":3,"65":3,"66":3,"67":3,"68":15,"69":1,"70":1,"71":1,"72":1,"73":1,"74":1,"75":1,"76":1,"77":1,"78":1,"79":1,"80":1,"81":1,"82":1,"83":1,"84":1,"85":1,"86":1,"87":1,"88":1,"89":1,"90":1,"91":1,"92":12,"93":5,"94":5,"95":5,"96":5,"97":5,"98":5,"99":5,"100":7,"101":7,"102":7,"103":7,"104":7,"105":7,"106":7,"107":7,"108":7,"109":7,"110":12,"111":4,"112":4,"113":7,"114":4,"115":4,"116":4,"117":7,"118":7,"119":12,"120":6,"121":6,"122":8,"123":6,"124":6,"125":6,"126":7,"127":7,"128":12,"129":4,"130":4,"131":4,"132":4,"133":4,"134":4,"135":7,"136":7,"137":7,"138":7,"139":7,"140":7,"141":12,"142":1,"143":1,"144":1,"145":1,"146":1,"147":1,"148":1,"149":1,"150":12,"151":12,"152":12,"153":12,"154":12,"155":11,"156":1,"157":12,"158":12,"159":12,"160":12,"161":12,"162":12,"163":19,"164":19,"165":12,"166":12,"167":12,"168":7,"169":7,"170":7,"171":7,"172":7,"173":7,"174":7,"175":7,"176":7,"177":7,"178":7,"179":14,"180":7,"181":7,"182":7,"183":12,"184":12,"185":12,"186":1,"187":1,"188":1,"189":1,"190":1,"191":1,"192":1,"193":1,"194":19,"195":19,"196":19,"197":2,"198":2,"199":19,"200":2,"201":2,"202":19,"203":19,"204":19,"205":1,"206":1,"207":1,"208":1,"209":1,"210":1,"211":1,"212":1,"213":3,"214":3,"215":3,"216":3,"217":3,"218":2,"219":2,"220":1,"221":1,"222":1,"223":1,"224":3,"225":1,"226":1,"227":3,"228":3,"229":3,"230":1},"branchMap":{"0":{"type":"branch","line":26,"loc":{"start":{"line":26,"column":2},"end":{"line":26,"column":68}},"locations":[{"start":{"line":26,"column":2},"end":{"line":26,"column":68}}]},"1":{"type":"branch","line":33,"loc":{"start":{"line":33,"column":2},"end":{"line":69,"column":3}},"locations":[{"start":{"line":33,"column":2},"end":{"line":69,"column":3}}]},"2":{"type":"branch","line":39,"loc":{"start":{"line":39,"column":29},"end":{"line":42,"column":7}},"locations":[{"start":{"line":39,"column":29},"end":{"line":42,"column":7}}]},"3":{"type":"branch","line":54,"loc":{"start":{"line":54,"column":75},"end":{"line":63,"column":31}},"locations":[{"start":{"line":54,"column":75},"end":{"line":63,"column":31}}]},"4":{"type":"branch","line":63,"loc":{"start":{"line":63,"column":19},"end":{"line":63,"column":35}},"locations":[{"start":{"line":63,"column":19},"end":{"line":63,"column":35}}]},"5":{"type":"branch","line":63,"loc":{"start":{"line":63,"column":31},"end":{"line":63,"column":36}},"locations":[{"start":{"line":63,"column":31},"end":{"line":63,"column":36}}]},"6":{"type":"branch","line":64,"loc":{"start":{"line":64,"column":4},"end":{"line":68,"column":5}},"locations":[{"start":{"line":64,"column":4},"end":{"line":68,"column":5}}]},"7":{"type":"branch","line":62,"loc":{"start":{"line":62,"column":40},"end":{"line":62,"column":69}},"locations":[{"start":{"line":62,"column":40},"end":{"line":62,"column":69}}]},"8":{"type":"branch","line":74,"loc":{"start":{"line":74,"column":10},"end":{"line":84,"column":3}},"locations":[{"start":{"line":74,"column":10},"end":{"line":84,"column":3}}]},"9":{"type":"branch","line":92,"loc":{"start":{"line":92,"column":10},"end":{"line":142,"column":3}},"locations":[{"start":{"line":92,"column":10},"end":{"line":142,"column":3}}]},"10":{"type":"branch","line":93,"loc":{"start":{"line":93,"column":33},"end":{"line":100,"column":5}},"locations":[{"start":{"line":93,"column":33},"end":{"line":100,"column":5}}]},"11":{"type":"branch","line":100,"loc":{"start":{"line":100,"column":4},"end":{"line":111,"column":27}},"locations":[{"start":{"line":100,"column":4},"end":{"line":111,"column":27}}]},"12":{"type":"branch","line":111,"loc":{"start":{"line":111,"column":27},"end":{"line":117,"column":5}},"locations":[{"start":{"line":111,"column":27},"end":{"line":117,"column":5}}]},"13":{"type":"branch","line":117,"loc":{"start":{"line":117,"column":4},"end":{"line":120,"column":29}},"locations":[{"start":{"line":117,"column":4},"end":{"line":120,"column":29}}]},"14":{"type":"branch","line":120,"loc":{"start":{"line":120,"column":29},"end":{"line":126,"column":5}},"locations":[{"start":{"line":120,"column":29},"end":{"line":126,"column":5}}]},"15":{"type":"branch","line":126,"loc":{"start":{"line":126,"column":4},"end":{"line":129,"column":26}},"locations":[{"start":{"line":126,"column":4},"end":{"line":129,"column":26}}]},"16":{"type":"branch","line":129,"loc":{"start":{"line":129,"column":26},"end":{"line":135,"column":5}},"locations":[{"start":{"line":129,"column":26},"end":{"line":135,"column":5}}]},"17":{"type":"branch","line":135,"loc":{"start":{"line":135,"column":4},"end":{"line":141,"column":47}},"locations":[{"start":{"line":135,"column":4},"end":{"line":141,"column":47}}]},"18":{"type":"branch","line":106,"loc":{"start":{"line":106,"column":37},"end":{"line":106,"column":66}},"locations":[{"start":{"line":106,"column":37},"end":{"line":106,"column":66}}]},"19":{"type":"branch","line":107,"loc":{"start":{"line":107,"column":39},"end":{"line":107,"column":70}},"locations":[{"start":{"line":107,"column":39},"end":{"line":107,"column":70}}]},"20":{"type":"branch","line":108,"loc":{"start":{"line":108,"column":36},"end":{"line":108,"column":64}},"locations":[{"start":{"line":108,"column":36},"end":{"line":108,"column":64}}]},"21":{"type":"branch","line":113,"loc":{"start":{"line":113,"column":21},"end":{"line":115,"column":7}},"locations":[{"start":{"line":113,"column":21},"end":{"line":115,"column":7}}]},"22":{"type":"branch","line":122,"loc":{"start":{"line":122,"column":23},"end":{"line":124,"column":7}},"locations":[{"start":{"line":122,"column":23},"end":{"line":124,"column":7}}]},"23":{"type":"branch","line":131,"loc":{"start":{"line":131,"column":20},"end":{"line":133,"column":7}},"locations":[{"start":{"line":131,"column":20},"end":{"line":133,"column":7}}]},"24":{"type":"branch","line":150,"loc":{"start":{"line":150,"column":10},"end":{"line":186,"column":3}},"locations":[{"start":{"line":150,"column":10},"end":{"line":186,"column":3}}]},"25":{"type":"branch","line":155,"loc":{"start":{"line":155,"column":32},"end":{"line":156,"column":24}},"locations":[{"start":{"line":155,"column":32},"end":{"line":156,"column":24}}]},"26":{"type":"branch","line":156,"loc":{"start":{"line":156,"column":20},"end":{"line":157,"column":44}},"locations":[{"start":{"line":156,"column":20},"end":{"line":157,"column":44}}]},"27":{"type":"branch","line":168,"loc":{"start":{"line":168,"column":28},"end":{"line":183,"column":5}},"locations":[{"start":{"line":168,"column":28},"end":{"line":183,"column":5}}]},"28":{"type":"branch","line":163,"loc":{"start":{"line":163,"column":23},"end":{"line":166,"column":5}},"locations":[{"start":{"line":163,"column":23},"end":{"line":166,"column":5}}]},"29":{"type":"branch","line":164,"loc":{"start":{"line":164,"column":44},"end":{"line":164,"column":51}},"locations":[{"start":{"line":164,"column":44},"end":{"line":164,"column":51}}]},"30":{"type":"branch","line":174,"loc":{"start":{"line":174,"column":14},"end":{"line":174,"column":35}},"locations":[{"start":{"line":174,"column":14},"end":{"line":174,"column":35}}]},"31":{"type":"branch","line":179,"loc":{"start":{"line":179,"column":28},"end":{"line":181,"column":9}},"locations":[{"start":{"line":179,"column":28},"end":{"line":181,"column":9}}]},"32":{"type":"branch","line":180,"loc":{"start":{"line":180,"column":69},"end":{"line":180,"column":79}},"locations":[{"start":{"line":180,"column":69},"end":{"line":180,"column":79}}]},"33":{"type":"branch","line":180,"loc":{"start":{"line":180,"column":73},"end":{"line":180,"column":81}},"locations":[{"start":{"line":180,"column":73},"end":{"line":180,"column":81}}]},"34":{"type":"branch","line":194,"loc":{"start":{"line":194,"column":10},"end":{"line":205,"column":3}},"locations":[{"start":{"line":194,"column":10},"end":{"line":205,"column":3}}]},"35":{"type":"branch","line":197,"loc":{"start":{"line":197,"column":48},"end":{"line":199,"column":5}},"locations":[{"start":{"line":197,"column":48},"end":{"line":199,"column":5}}]},"36":{"type":"branch","line":200,"loc":{"start":{"line":200,"column":30},"end":{"line":202,"column":5}},"locations":[{"start":{"line":200,"column":30},"end":{"line":202,"column":5}}]},"37":{"type":"branch","line":213,"loc":{"start":{"line":213,"column":10},"end":{"line":230,"column":3}},"locations":[{"start":{"line":213,"column":10},"end":{"line":230,"column":3}}]},"38":{"type":"branch","line":218,"loc":{"start":{"line":218,"column":32},"end":{"line":225,"column":11}},"locations":[{"start":{"line":218,"column":32},"end":{"line":225,"column":11}}]},"39":{"type":"branch","line":220,"loc":{"start":{"line":220,"column":44},"end":{"line":224,"column":7}},"locations":[{"start":{"line":220,"column":44},"end":{"line":224,"column":7}}]},"40":{"type":"branch","line":225,"loc":{"start":{"line":225,"column":4},"end":{"line":227,"column":5}},"locations":[{"start":{"line":225,"column":4},"end":{"line":227,"column":5}}]}},"b":{"0":[15],"1":[15],"2":[1],"3":[12],"4":[4],"5":[8],"6":[3],"7":[8],"8":[1],"9":[12],"10":[5],"11":[7],"12":[4],"13":[7],"14":[6],"15":[7],"16":[4],"17":[7],"18":[19],"19":[19],"20":[19],"21":[7],"22":[8],"23":[4],"24":[12],"25":[11],"26":[1],"27":[7],"28":[19],"29":[16],"30":[9],"31":[14],"32":[2],"33":[12],"34":[19],"35":[2],"36":[2],"37":[3],"38":[2],"39":[1],"40":[1]},"fnMap":{"0":{"name":"CliController","decl":{"start":{"line":26,"column":2},"end":{"line":26,"column":68}},"loc":{"start":{"line":26,"column":2},"end":{"line":26,"column":68}},"line":26},"1":{"name":"handle","decl":{"start":{"line":33,"column":2},"end":{"line":69,"column":3}},"loc":{"start":{"line":33,"column":2},"end":{"line":69,"column":3}},"line":33},"2":{"name":"displayUsage","decl":{"start":{"line":74,"column":10},"end":{"line":84,"column":3}},"loc":{"start":{"line":74,"column":10},"end":{"line":84,"column":3}},"line":74},"3":{"name":"displayResults","decl":{"start":{"line":92,"column":10},"end":{"line":142,"column":3}},"loc":{"start":{"line":92,"column":10},"end":{"line":142,"column":3}},"line":92},"4":{"name":"displayMetrics","decl":{"start":{"line":150,"column":10},"end":{"line":186,"column":3}},"loc":{"start":{"line":150,"column":10},"end":{"line":186,"column":3}},"line":150},"5":{"name":"displayViolation","decl":{"start":{"line":194,"column":10},"end":{"line":205,"column":3}},"loc":{"start":{"line":194,"column":10},"end":{"line":205,"column":3}},"line":194},"6":{"name":"displayError","decl":{"start":{"line":213,"column":10},"end":{"line":230,"column":3}},"loc":{"start":{"line":213,"column":10},"end":{"line":230,"column":3}},"line":213}},"f":{"0":15,"1":15,"2":1,"3":12,"4":12,"5":19,"6":3}}
}
